Using pre-set license
Built from '2020.3/staging' branch; Version is '2020.3.13f1 (71691879b7f5) revision 7432472'; Using compiler version '192528614'; Build Type 'Release'
OS: 'Windows 10 Pro; OS build 19043.1110; Version 2009; 64bit' Language: 'en' Physical Memory: 32720 MB
BatchMode: 1, IsHumanControllingUs: 0, StartBugReporterOnCrash: 0, Is64bit: 1, IsPro: 0

 COMMAND LINE ARGUMENTS:
C:\Program Files\Unity\Hub\Editor\2020.3.13f1\Editor\Unity.exe
-adb2
-batchMode
-noUpm
-name
AssetImportWorker3
-projectPath
C:/Users/win10/Documents/GitHub/human-error/human-error
-logFile
Logs/AssetImportWorker3.log
-srvPort
49869
Successfully changed project path to: C:/Users/win10/Documents/GitHub/human-error/human-error
C:/Users/win10/Documents/GitHub/human-error/human-error
Using Asset Import Pipeline V2.
Refreshing native plugins compatible for Editor in 86.21 ms, found 3 plugins.
Preloading 0 native plugins for Editor in 0.00 ms.
Initialize engine version: 2020.3.13f1 (71691879b7f5)
[Subsystems] Discovering subsystems at path C:/Program Files/Unity/Hub/Editor/2020.3.13f1/Editor/Data/Resources/UnitySubsystems
[Subsystems] Discovering subsystems at path C:/Users/win10/Documents/GitHub/human-error/human-error/Assets
GfxDevice: creating device client; threaded=0
Direct3D:
    Version:  Direct3D 11.0 [level 11.1]
    Renderer: NVIDIA GeForce GTX 1070 (ID=0x1be1)
    Vendor:   
    VRAM:     8081 MB
    Driver:   27.21.14.6140
Shader 'Universal Render Pipeline/Particles/Lit': fallback shader 'Universal Render Pipeline/Particles/SimpleLit' not found
Initialize mono
Mono path[0] = 'C:/Program Files/Unity/Hub/Editor/2020.3.13f1/Editor/Data/Managed'
Mono path[1] = 'C:/Program Files/Unity/Hub/Editor/2020.3.13f1/Editor/Data/MonoBleedingEdge/lib/mono/unityjit'
Mono config path = 'C:/Program Files/Unity/Hub/Editor/2020.3.13f1/Editor/Data/MonoBleedingEdge/etc'
Using monoOptions --debugger-agent=transport=dt_socket,embedding=1,server=y,suspend=n,address=127.0.0.1:56324
Begin MonoManager ReloadAssembly
Registering precompiled unity dll's ...
Register platform support module: C:/Program Files/Unity/Hub/Editor/2020.3.13f1/Editor/Data/PlaybackEngines/WebGLSupport/UnityEditor.WebGL.Extensions.dll
Register platform support module: C:/Program Files/Unity/Hub/Editor/2020.3.13f1/Editor/Data/PlaybackEngines/WindowsStandaloneSupport/UnityEditor.WindowsStandalone.Extensions.dll
Registered in 0.002803 seconds.
Native extension for WindowsStandalone target not found
Native extension for WebGL target not found
Refreshing native plugins compatible for Editor in 84.79 ms, found 3 plugins.
Preloading 0 native plugins for Editor in 0.00 ms.
Mono: successfully reloaded assembly
- Completed reload, in  3.195 seconds
Platform modules already initialized, skipping
Registering precompiled user dll's ...
Registered in 0.005854 seconds.
Begin MonoManager ReloadAssembly
Native extension for WindowsStandalone target not found
Native extension for WebGL target not found
Refreshing native plugins compatible for Editor in 90.24 ms, found 3 plugins.
Preloading 0 native plugins for Editor in 0.00 ms.
Mono: successfully reloaded assembly
- Completed reload, in  1.752 seconds
Platform modules already initialized, skipping
========================================================================
Worker process is ready to serve import requests
Shader 'Universal Render Pipeline/Particles/Lit': fallback shader 'Universal Render Pipeline/Particles/SimpleLit' not found
Launched and connected shader compiler UnityShaderCompiler.exe after 0.10 seconds
Refreshing native plugins compatible for Editor in 0.80 ms, found 3 plugins.
Preloading 0 native plugins for Editor in 0.00 ms.
Unloading 4061 Unused Serialized files (Serialized files now loaded: 0)
System memory in use before: 194.3 MB.
System memory in use after: 194.5 MB.

Unloading 31 unused Assets to reduce memory usage. Loaded Objects now: 4530.
Total: 3.183100 ms (FindLiveObjects: 0.373600 ms CreateObjectMapping: 0.213600 ms MarkObjects: 2.434000 ms  DeleteObjects: 0.160900 ms)

AssetImportParameters requested are different than current active one (requested -> active):
  custom:framework-win-MediaFoundation: 216162199b28c13a410421893ffa2e32 -> 
  custom:video-decoder-ogg-theora: a1e56fd34408186e4bbccfd4996cb3dc -> 
  custom:container-muxer-webm: aa71ff27fc2769a1b78a27578f13a17b -> 
  custom:container-demuxer-webm: 4f35f7cbe854078d1ac9338744f61a02 -> 
  custom:container-demuxer-ogg: 62fdf1f143b41e24485cea50d1cbac27 -> 
  custom:video-encoder-webm-vp8: eb34c28f22e8b96e1ab97ce403110664 -> 
  custom:video-decoder-webm-vp8: 9c59270c3fd7afecdb556c50c9e8de78 -> 
  custom:audio-decoder-ogg-vorbis: bf7c407c2cedff20999df2af8eb42d56 -> 
  custom:audio-encoder-webm-vorbis: bf7c407c2cedff20999df2af8eb42d56 -> 
========================================================================
Received Import Request.
  path: Assets/DialogueData/puzzleTutorial/301_pc_checkgift.asset
  artifactKey: Guid(8f6be3d41e570434889e82ef21df4999) Importer(815301076,1909f56bfc062723c751e8b465ee728b)
Start importing Assets/DialogueData/puzzleTutorial/301_pc_checkgift.asset using Guid(8f6be3d41e570434889e82ef21df4999) Importer(815301076,1909f56bfc062723c751e8b465ee728b)  -> (artifact id: '66b2d1a6b90bc68fcc38e722643fb666') in 0.048642 seconds 
  Import took 0.057712 seconds .

========================================================================
Received Import Request.
  Time since last request: 132.684811 seconds.
  path: Assets/DialogueData/puzzleTutorial/301_pc_checkgift.asset
  artifactKey: Guid(8f6be3d41e570434889e82ef21df4999) Importer(815301076,1909f56bfc062723c751e8b465ee728b)
Start importing Assets/DialogueData/puzzleTutorial/301_pc_checkgift.asset using Guid(8f6be3d41e570434889e82ef21df4999) Importer(815301076,1909f56bfc062723c751e8b465ee728b)  -> (artifact id: 'd4d295330bb9ded8997306a8cf1fe2f7') in 0.004088 seconds 
  Import took 0.015188 seconds .

========================================================================
Received Import Request.
  Time since last request: 93.262382 seconds.
  path: Assets/DialogueData/puzzleTutorial/gift.asset
  artifactKey: Guid(8f6be3d41e570434889e82ef21df4999) Importer(815301076,1909f56bfc062723c751e8b465ee728b)
Start importing Assets/DialogueData/puzzleTutorial/gift.asset using Guid(8f6be3d41e570434889e82ef21df4999) Importer(815301076,1909f56bfc062723c751e8b465ee728b)  -> (artifact id: '03b6759618e7b8292a913e25789f0bab') in 0.008920 seconds 
  Import took 0.019170 seconds .

========================================================================
Received Import Request.
  Time since last request: 28.645467 seconds.
  path: Assets/DialogueData/puzzleTutorial/gift.asset
  artifactKey: Guid(8f6be3d41e570434889e82ef21df4999) Importer(815301076,1909f56bfc062723c751e8b465ee728b)
Start importing Assets/DialogueData/puzzleTutorial/gift.asset using Guid(8f6be3d41e570434889e82ef21df4999) Importer(815301076,1909f56bfc062723c751e8b465ee728b)  -> (artifact id: 'aeae15921e20f2cad5bd17c1adb17a9a') in 0.004776 seconds 
  Import took 0.016791 seconds .

========================================================================
Received Import Request.
  Time since last request: 65.625348 seconds.
  path: Assets/DialogueData/puzzleTutorial/gift.asset
  artifactKey: Guid(8f6be3d41e570434889e82ef21df4999) Importer(815301076,1909f56bfc062723c751e8b465ee728b)
Start importing Assets/DialogueData/puzzleTutorial/gift.asset using Guid(8f6be3d41e570434889e82ef21df4999) Importer(815301076,1909f56bfc062723c751e8b465ee728b)  -> (artifact id: '5d93b9754d434879fbb2035ce789f462') in 0.004475 seconds 
  Import took 0.014923 seconds .

========================================================================
Received Import Request.
  Time since last request: 128.221981 seconds.
  path: Assets/DialogueData/puzzleTutorial/gift-yes.asset
  artifactKey: Guid(26c276085621afa43a22f001e481e37c) Importer(815301076,1909f56bfc062723c751e8b465ee728b)
Start importing Assets/DialogueData/puzzleTutorial/gift-yes.asset using Guid(26c276085621afa43a22f001e481e37c) Importer(815301076,1909f56bfc062723c751e8b465ee728b)  -> (artifact id: 'ff5f9c4eabc7897f892c1098e0193fb8') in 0.008549 seconds 
  Import took 0.018677 seconds .

========================================================================
Received Import Request.
  Time since last request: 0.001441 seconds.
  path: Assets/DialogueData/puzzleTutorial/gift-yes.asset
  artifactKey: Guid(26c276085621afa43a22f001e481e37c) Importer(815301076,1909f56bfc062723c751e8b465ee728b)
Start importing Assets/DialogueData/puzzleTutorial/gift-yes.asset using Guid(26c276085621afa43a22f001e481e37c) Importer(815301076,1909f56bfc062723c751e8b465ee728b)  -> (artifact id: 'ff5f9c4eabc7897f892c1098e0193fb8') in 0.004971 seconds 
  Import took 0.012500 seconds .

========================================================================
Received Import Request.
  Time since last request: 78.421745 seconds.
  path: Assets/DialogueData/puzzleTutorial/gift-yes.asset
  artifactKey: Guid(26c276085621afa43a22f001e481e37c) Importer(815301076,1909f56bfc062723c751e8b465ee728b)
Start importing Assets/DialogueData/puzzleTutorial/gift-yes.asset using Guid(26c276085621afa43a22f001e481e37c) Importer(815301076,1909f56bfc062723c751e8b465ee728b)  -> (artifact id: '48c69b3ca0cadd3e9bb71328ff36b4dd') in 0.004648 seconds 
  Import took 0.014071 seconds .

========================================================================
Received Import Request.
  Time since last request: 168.001879 seconds.
  path: Assets/DialogueData/puzzleTutorial/gift-yes.asset
  artifactKey: Guid(26c276085621afa43a22f001e481e37c) Importer(815301076,1909f56bfc062723c751e8b465ee728b)
Start importing Assets/DialogueData/puzzleTutorial/gift-yes.asset using Guid(26c276085621afa43a22f001e481e37c) Importer(815301076,1909f56bfc062723c751e8b465ee728b)  -> (artifact id: '3b4e4d10eea9855a7621713ecccec25b') in 0.004244 seconds 
  Import took 0.011914 seconds .

========================================================================
Received Import Request.
  Time since last request: 78.301397 seconds.
  path: Assets/DialogueData/puzzleTutorial/gift-yes.asset
  artifactKey: Guid(26c276085621afa43a22f001e481e37c) Importer(815301076,1909f56bfc062723c751e8b465ee728b)
Start importing Assets/DialogueData/puzzleTutorial/gift-yes.asset using Guid(26c276085621afa43a22f001e481e37c) Importer(815301076,1909f56bfc062723c751e8b465ee728b)  -> (artifact id: 'dda05c379e3b77eeafffa6751dfef97e') in 0.005133 seconds 
  Import took 0.013731 seconds .

========================================================================
Received Import Request.
  Time since last request: 11.437650 seconds.
  path: Assets/DialogueData/puzzleTutorial/gift-yes.asset
  artifactKey: Guid(26c276085621afa43a22f001e481e37c) Importer(815301076,1909f56bfc062723c751e8b465ee728b)
Start importing Assets/DialogueData/puzzleTutorial/gift-yes.asset using Guid(26c276085621afa43a22f001e481e37c) Importer(815301076,1909f56bfc062723c751e8b465ee728b)  -> (artifact id: '941dd40b207836d8d01e9582c5a3318b') in 0.004513 seconds 
  Import took 0.013298 seconds .

========================================================================
Received Import Request.
  Time since last request: 286.060740 seconds.
  path: Assets/DialogueData/puzzleTutorial/gift-yes.asset
  artifactKey: Guid(26c276085621afa43a22f001e481e37c) Importer(815301076,1909f56bfc062723c751e8b465ee728b)
Start importing Assets/DialogueData/puzzleTutorial/gift-yes.asset using Guid(26c276085621afa43a22f001e481e37c) Importer(815301076,1909f56bfc062723c751e8b465ee728b)  -> (artifact id: '5370621c12fffc3ef322138ad57b2747') in 0.003959 seconds 
  Import took 0.014790 seconds .

========================================================================
Received Import Request.
  Time since last request: 13.255898 seconds.
  path: Assets/DialogueData/puzzleTutorial/gift-yes.asset
  artifactKey: Guid(26c276085621afa43a22f001e481e37c) Importer(815301076,1909f56bfc062723c751e8b465ee728b)
Start importing Assets/DialogueData/puzzleTutorial/gift-yes.asset using Guid(26c276085621afa43a22f001e481e37c) Importer(815301076,1909f56bfc062723c751e8b465ee728b)  -> (artifact id: '70bb140a0b00cd61c3ff21ebc4af06d9') in 0.003567 seconds 
  Import took 0.012912 seconds .

========================================================================
Received Import Request.
  Time since last request: 59.568096 seconds.
  path: Assets/DialogueData/puzzleTutorial/gift-no.asset
  artifactKey: Guid(c4ef5c34231ec94428dc160461fe07b5) Importer(815301076,1909f56bfc062723c751e8b465ee728b)
Start importing Assets/DialogueData/puzzleTutorial/gift-no.asset using Guid(c4ef5c34231ec94428dc160461fe07b5) Importer(815301076,1909f56bfc062723c751e8b465ee728b)  -> (artifact id: 'b6b148a81f82009a3260ac18f920f59e') in 0.008843 seconds 
  Import took 0.018146 seconds .

========================================================================
Received Import Request.
  Time since last request: 62.901481 seconds.
  path: Assets/DialogueData/puzzleTutorial/gift-no.asset
  artifactKey: Guid(c4ef5c34231ec94428dc160461fe07b5) Importer(815301076,1909f56bfc062723c751e8b465ee728b)
Start importing Assets/DialogueData/puzzleTutorial/gift-no.asset using Guid(c4ef5c34231ec94428dc160461fe07b5) Importer(815301076,1909f56bfc062723c751e8b465ee728b)  -> (artifact id: '6ebe75439239474279ce0e0ff54ec5ac') in 0.004343 seconds 
  Import took 0.012795 seconds .

========================================================================
Received Import Request.
  Time since last request: 0.000337 seconds.
  path: Assets/DialogueData/puzzleTutorial/gift.asset
  artifactKey: Guid(8f6be3d41e570434889e82ef21df4999) Importer(815301076,1909f56bfc062723c751e8b465ee728b)
Start importing Assets/DialogueData/puzzleTutorial/gift.asset using Guid(8f6be3d41e570434889e82ef21df4999) Importer(815301076,1909f56bfc062723c751e8b465ee728b)  -> (artifact id: 'b9a2935fd563aa1dbf043660a2fd8bf4') in 0.003870 seconds 
  Import took 0.012960 seconds .

========================================================================
Received Import Request.
  Time since last request: 23.613194 seconds.
  path: Assets/DialogueData/puzzleTutorial/gift-no.asset
  artifactKey: Guid(c4ef5c34231ec94428dc160461fe07b5) Importer(815301076,1909f56bfc062723c751e8b465ee728b)
Start importing Assets/DialogueData/puzzleTutorial/gift-no.asset using Guid(c4ef5c34231ec94428dc160461fe07b5) Importer(815301076,1909f56bfc062723c751e8b465ee728b)  -> (artifact id: 'ff1f5edd4f584cf3953658438b7adfc1') in 0.009151 seconds 
  Import took 0.020483 seconds .

========================================================================
Received Import Request.
  Time since last request: 58.959473 seconds.
  path: Assets/DialogueData/puzzleTutorial/gift-no.asset
  artifactKey: Guid(c4ef5c34231ec94428dc160461fe07b5) Importer(815301076,1909f56bfc062723c751e8b465ee728b)
Start importing Assets/DialogueData/puzzleTutorial/gift-no.asset using Guid(c4ef5c34231ec94428dc160461fe07b5) Importer(815301076,1909f56bfc062723c751e8b465ee728b)  -> (artifact id: '3bdb2e5b2677531acfe412b5554c271c') in 0.003900 seconds 
  Import took 0.011680 seconds .

========================================================================
Received Import Request.
  Time since last request: 0.013650 seconds.
  path: Assets/DialogueData/puzzleTutorial/gift-no.asset
  artifactKey: Guid(c4ef5c34231ec94428dc160461fe07b5) Importer(815301076,1909f56bfc062723c751e8b465ee728b)
Start importing Assets/DialogueData/puzzleTutorial/gift-no.asset using Guid(c4ef5c34231ec94428dc160461fe07b5) Importer(815301076,1909f56bfc062723c751e8b465ee728b)  -> (artifact id: '3bdb2e5b2677531acfe412b5554c271c') in 0.005148 seconds 
  Import took 0.014470 seconds .

========================================================================
Received Import Request.
  Time since last request: 43.118269 seconds.
  path: Assets/DialogueData/puzzleTutorial/gift-no.asset
  artifactKey: Guid(c4ef5c34231ec94428dc160461fe07b5) Importer(815301076,1909f56bfc062723c751e8b465ee728b)
Start importing Assets/DialogueData/puzzleTutorial/gift-no.asset using Guid(c4ef5c34231ec94428dc160461fe07b5) Importer(815301076,1909f56bfc062723c751e8b465ee728b)  -> (artifact id: 'b6d6fa51ad766ad7884d2bef20aa6160') in 0.004770 seconds 
  Import took 0.013833 seconds .

========================================================================
Received Import Request.
  Time since last request: 14.513680 seconds.
  path: Assets/DialogueData/puzzleTutorial/gift-no.asset
  artifactKey: Guid(c4ef5c34231ec94428dc160461fe07b5) Importer(815301076,1909f56bfc062723c751e8b465ee728b)
Start importing Assets/DialogueData/puzzleTutorial/gift-no.asset using Guid(c4ef5c34231ec94428dc160461fe07b5) Importer(815301076,1909f56bfc062723c751e8b465ee728b)  -> (artifact id: 'a73a1173554625e7f6c186d5eaa8a1fd') in 0.005123 seconds 
  Import took 0.013412 seconds .

========================================================================
Received Import Request.
  Time since last request: 86.409631 seconds.
  path: Assets/DialogueData/puzzleTutorial/gift-no.asset
  artifactKey: Guid(c4ef5c34231ec94428dc160461fe07b5) Importer(815301076,1909f56bfc062723c751e8b465ee728b)
Start importing Assets/DialogueData/puzzleTutorial/gift-no.asset using Guid(c4ef5c34231ec94428dc160461fe07b5) Importer(815301076,1909f56bfc062723c751e8b465ee728b)  -> (artifact id: 'ae5de4e12cdcd0a4bdd98725a87c3214') in 0.004241 seconds 
  Import took 0.012472 seconds .

========================================================================
Received Import Request.
  Time since last request: 335.215068 seconds.
  path: Assets/DialogueData/puzzleTutorial/gift-no.asset
  artifactKey: Guid(c4ef5c34231ec94428dc160461fe07b5) Importer(815301076,1909f56bfc062723c751e8b465ee728b)
Start importing Assets/DialogueData/puzzleTutorial/gift-no.asset using Guid(c4ef5c34231ec94428dc160461fe07b5) Importer(815301076,1909f56bfc062723c751e8b465ee728b)  -> (artifact id: '34f314c9f9f917b8c7519967c08edabb') in 0.004176 seconds 
  Import took 0.013736 seconds .

========================================================================
Received Import Request.
  Time since last request: 0.000242 seconds.
  path: Assets/DialogueData/puzzleTutorial/gift-yes.asset
  artifactKey: Guid(26c276085621afa43a22f001e481e37c) Importer(815301076,1909f56bfc062723c751e8b465ee728b)
Start importing Assets/DialogueData/puzzleTutorial/gift-yes.asset using Guid(26c276085621afa43a22f001e481e37c) Importer(815301076,1909f56bfc062723c751e8b465ee728b)  -> (artifact id: '8ceb4309702ae72adb5e8858e440d218') in 0.003936 seconds 
  Import took 0.012722 seconds .

========================================================================
Received Import Request.
  Time since last request: 11.444907 seconds.
  path: Assets/DialogueData/puzzleTutorial/gift-yes.asset
  artifactKey: Guid(26c276085621afa43a22f001e481e37c) Importer(815301076,1909f56bfc062723c751e8b465ee728b)
Start importing Assets/DialogueData/puzzleTutorial/gift-yes.asset using Guid(26c276085621afa43a22f001e481e37c) Importer(815301076,1909f56bfc062723c751e8b465ee728b)  -> (artifact id: 'ad7c0d862342d9827aa8a922ad89ff40') in 0.004442 seconds 
  Import took 0.013639 seconds .

========================================================================
Received Import Request.
  Time since last request: 86.671112 seconds.
  path: Assets/DialogueData/puzzleTutorial/gift-yes.asset
  artifactKey: Guid(26c276085621afa43a22f001e481e37c) Importer(815301076,1909f56bfc062723c751e8b465ee728b)
Start importing Assets/DialogueData/puzzleTutorial/gift-yes.asset using Guid(26c276085621afa43a22f001e481e37c) Importer(815301076,1909f56bfc062723c751e8b465ee728b)  -> (artifact id: 'c7e22a5a81df2e2cf90a85a46f1bc097') in 0.004338 seconds 
  Import took 0.014341 seconds .

========================================================================
Received Import Request.
  Time since last request: 34.527993 seconds.
  path: Assets/DialogueData/puzzleTutorial/gift-yes.asset
  artifactKey: Guid(26c276085621afa43a22f001e481e37c) Importer(815301076,1909f56bfc062723c751e8b465ee728b)
Start importing Assets/DialogueData/puzzleTutorial/gift-yes.asset using Guid(26c276085621afa43a22f001e481e37c) Importer(815301076,1909f56bfc062723c751e8b465ee728b)  -> (artifact id: '5dc9f75a3393f0802aa6cb5ae3ca658a') in 0.004598 seconds 
  Import took 0.013598 seconds .

========================================================================
Received Import Request.
  Time since last request: 16.400516 seconds.
  path: Assets/DialogueData/puzzleTutorial/gift-yes.asset
  artifactKey: Guid(26c276085621afa43a22f001e481e37c) Importer(815301076,1909f56bfc062723c751e8b465ee728b)
Start importing Assets/DialogueData/puzzleTutorial/gift-yes.asset using Guid(26c276085621afa43a22f001e481e37c) Importer(815301076,1909f56bfc062723c751e8b465ee728b)  -> (artifact id: 'e7e1889e47093eb3880f29b65614aaf7') in 0.004170 seconds 
  Import took 0.013570 seconds .

========================================================================
Received Prepare
Registering precompiled user dll's ...
Registered in 0.005302 seconds.
Begin MonoManager ReloadAssembly
Native extension for WindowsStandalone target not found
Native extension for WebGL target not found
Refreshing native plugins compatible for Editor in 0.87 ms, found 3 plugins.
Preloading 0 native plugins for Editor in 0.00 ms.
Mono: successfully reloaded assembly
- Completed reload, in  1.250 seconds
Platform modules already initialized, skipping
Shader 'Universal Render Pipeline/Particles/Lit': fallback shader 'Universal Render Pipeline/Particles/SimpleLit' not found
Refreshing native plugins compatible for Editor in 0.89 ms, found 3 plugins.
Preloading 0 native plugins for Editor in 0.00 ms.
Unloading 3885 Unused Serialized files (Serialized files now loaded: 0)
System memory in use before: 180.9 MB.
System memory in use after: 181.2 MB.

Unloading 18 unused Assets to reduce memory usage. Loaded Objects now: 4533.
Total: 3.344000 ms (FindLiveObjects: 0.379200 ms CreateObjectMapping: 0.193800 ms MarkObjects: 2.623800 ms  DeleteObjects: 0.146200 ms)

AssetImportParameters requested are different than current active one (requested -> active):
  custom:framework-win-MediaFoundation: 216162199b28c13a410421893ffa2e32 -> 
  custom:video-decoder-ogg-theora: a1e56fd34408186e4bbccfd4996cb3dc -> 
  custom:container-muxer-webm: aa71ff27fc2769a1b78a27578f13a17b -> 
  custom:container-demuxer-webm: 4f35f7cbe854078d1ac9338744f61a02 -> 
  custom:container-demuxer-ogg: 62fdf1f143b41e24485cea50d1cbac27 -> 
  custom:video-encoder-webm-vp8: eb34c28f22e8b96e1ab97ce403110664 -> 
  custom:video-decoder-webm-vp8: 9c59270c3fd7afecdb556c50c9e8de78 -> 
  custom:audio-decoder-ogg-vorbis: bf7c407c2cedff20999df2af8eb42d56 -> 
  custom:audio-encoder-webm-vorbis: bf7c407c2cedff20999df2af8eb42d56 -> 
========================================================================
Received Import Request.
  Time since last request: 543.041007 seconds.
  path: Assets/Material/Materials/DARK.mat
  artifactKey: Guid(b6197b073e0f14b438eff2c9f708beaa) Importer(815301076,1909f56bfc062723c751e8b465ee728b)
Start importing Assets/Material/Materials/DARK.mat using Guid(b6197b073e0f14b438eff2c9f708beaa) Importer(815301076,1909f56bfc062723c751e8b465ee728b)  -> (artifact id: 'ff6b795702d33c8dbfde47eac8a0d477') in 0.261765 seconds 
  Import took 0.270448 seconds .

========================================================================
Received Prepare
Registering precompiled user dll's ...
Registered in 0.006499 seconds.
Begin MonoManager ReloadAssembly
Native extension for WindowsStandalone target not found
Native extension for WebGL target not found
Refreshing native plugins compatible for Editor in 0.77 ms, found 3 plugins.
Preloading 0 native plugins for Editor in 0.00 ms.
Mono: successfully reloaded assembly
- Completed reload, in  1.273 seconds
Platform modules already initialized, skipping
Shader 'Universal Render Pipeline/Particles/Lit': fallback shader 'Universal Render Pipeline/Particles/SimpleLit' not found
Refreshing native plugins compatible for Editor in 0.83 ms, found 3 plugins.
Preloading 0 native plugins for Editor in 0.00 ms.
Unloading 3885 Unused Serialized files (Serialized files now loaded: 0)
System memory in use before: 186.4 MB.
System memory in use after: 186.6 MB.

Unloading 18 unused Assets to reduce memory usage. Loaded Objects now: 4614.
Total: 3.789200 ms (FindLiveObjects: 0.361500 ms CreateObjectMapping: 0.210700 ms MarkObjects: 3.090500 ms  DeleteObjects: 0.125100 ms)

AssetImportParameters requested are different than current active one (requested -> active):
  custom:framework-win-MediaFoundation: 216162199b28c13a410421893ffa2e32 -> 
  custom:video-decoder-ogg-theora: a1e56fd34408186e4bbccfd4996cb3dc -> 
  custom:container-muxer-webm: aa71ff27fc2769a1b78a27578f13a17b -> 
  custom:container-demuxer-webm: 4f35f7cbe854078d1ac9338744f61a02 -> 
  custom:container-demuxer-ogg: 62fdf1f143b41e24485cea50d1cbac27 -> 
  custom:video-encoder-webm-vp8: eb34c28f22e8b96e1ab97ce403110664 -> 
  custom:video-decoder-webm-vp8: 9c59270c3fd7afecdb556c50c9e8de78 -> 
  custom:audio-decoder-ogg-vorbis: bf7c407c2cedff20999df2af8eb42d56 -> 
  custom:audio-encoder-webm-vorbis: bf7c407c2cedff20999df2af8eb42d56 -> 
========================================================================
Received Import Request.
  Time since last request: 101.990921 seconds.
  path: Assets/_Scripts/objectBehaviours
  artifactKey: Guid(1040ca042eddcf74bb08fc2d5f4df00e) Importer(815301076,1909f56bfc062723c751e8b465ee728b)
Start importing Assets/_Scripts/objectBehaviours using Guid(1040ca042eddcf74bb08fc2d5f4df00e) Importer(815301076,1909f56bfc062723c751e8b465ee728b)  -> (artifact id: 'cd07af91ee299fa6c06b34447dad4953') in 0.012435 seconds 
  Import took 0.020414 seconds .

========================================================================
Received Import Request.
  Time since last request: 15.602613 seconds.
  path: Assets/_Scripts/objectBehaviours/CameraFacingBillboard.cs
  artifactKey: Guid(efe8c59b0fc64f5498e552803b9dc905) Importer(815301076,1909f56bfc062723c751e8b465ee728b)
Start importing Assets/_Scripts/objectBehaviours/CameraFacingBillboard.cs using Guid(efe8c59b0fc64f5498e552803b9dc905) Importer(815301076,1909f56bfc062723c751e8b465ee728b)  -> (artifact id: '224e72b4998778999786189db444f041') in 0.013386 seconds 
  Import took 0.021215 seconds .

========================================================================
Received Prepare
Registering precompiled user dll's ...
Registered in 0.005564 seconds.
Begin MonoManager ReloadAssembly
Native extension for WindowsStandalone target not found
Native extension for WebGL target not found
Refreshing native plugins compatible for Editor in 0.80 ms, found 3 plugins.
Preloading 0 native plugins for Editor in 0.00 ms.
Mono: successfully reloaded assembly
- Completed reload, in  1.330 seconds
Platform modules already initialized, skipping
Shader 'Universal Render Pipeline/Particles/Lit': fallback shader 'Universal Render Pipeline/Particles/SimpleLit' not found
Refreshing native plugins compatible for Editor in 0.94 ms, found 3 plugins.
Preloading 0 native plugins for Editor in 0.00 ms.
Unloading 3886 Unused Serialized files (Serialized files now loaded: 0)
System memory in use before: 186.5 MB.
System memory in use after: 186.7 MB.

Unloading 18 unused Assets to reduce memory usage. Loaded Objects now: 4618.
Total: 4.403700 ms (FindLiveObjects: 0.584400 ms CreateObjectMapping: 0.425900 ms MarkObjects: 3.257300 ms  DeleteObjects: 0.135000 ms)

AssetImportParameters requested are different than current active one (requested -> active):
  custom:framework-win-MediaFoundation: 216162199b28c13a410421893ffa2e32 -> 
  custom:video-decoder-ogg-theora: a1e56fd34408186e4bbccfd4996cb3dc -> 
  custom:container-muxer-webm: aa71ff27fc2769a1b78a27578f13a17b -> 
  custom:container-demuxer-webm: 4f35f7cbe854078d1ac9338744f61a02 -> 
  custom:container-demuxer-ogg: 62fdf1f143b41e24485cea50d1cbac27 -> 
  custom:video-encoder-webm-vp8: eb34c28f22e8b96e1ab97ce403110664 -> 
  custom:video-decoder-webm-vp8: 9c59270c3fd7afecdb556c50c9e8de78 -> 
  custom:audio-decoder-ogg-vorbis: bf7c407c2cedff20999df2af8eb42d56 -> 
  custom:audio-encoder-webm-vorbis: bf7c407c2cedff20999df2af8eb42d56 -> 
========================================================================
Received Prepare
Registering precompiled user dll's ...
Registered in 0.007553 seconds.
Begin MonoManager ReloadAssembly
Native extension for WindowsStandalone target not found
Native extension for WebGL target not found
Refreshing native plugins compatible for Editor in 1.03 ms, found 3 plugins.
Preloading 0 native plugins for Editor in 0.00 ms.
Mono: successfully reloaded assembly
- Completed reload, in  1.278 seconds
Platform modules already initialized, skipping
Shader 'Universal Render Pipeline/Particles/Lit': fallback shader 'Universal Render Pipeline/Particles/SimpleLit' not found
Refreshing native plugins compatible for Editor in 0.81 ms, found 3 plugins.
Preloading 0 native plugins for Editor in 0.00 ms.
Unloading 3886 Unused Serialized files (Serialized files now loaded: 0)
System memory in use before: 186.5 MB.
System memory in use after: 186.7 MB.

Unloading 18 unused Assets to reduce memory usage. Loaded Objects now: 4621.
Total: 3.319600 ms (FindLiveObjects: 0.438800 ms CreateObjectMapping: 0.200100 ms MarkObjects: 2.541200 ms  DeleteObjects: 0.138700 ms)

AssetImportParameters requested are different than current active one (requested -> active):
  custom:framework-win-MediaFoundation: 216162199b28c13a410421893ffa2e32 -> 
  custom:video-decoder-ogg-theora: a1e56fd34408186e4bbccfd4996cb3dc -> 
  custom:container-muxer-webm: aa71ff27fc2769a1b78a27578f13a17b -> 
  custom:container-demuxer-webm: 4f35f7cbe854078d1ac9338744f61a02 -> 
  custom:container-demuxer-ogg: 62fdf1f143b41e24485cea50d1cbac27 -> 
  custom:video-encoder-webm-vp8: eb34c28f22e8b96e1ab97ce403110664 -> 
  custom:video-decoder-webm-vp8: 9c59270c3fd7afecdb556c50c9e8de78 -> 
  custom:audio-decoder-ogg-vorbis: bf7c407c2cedff20999df2af8eb42d56 -> 
  custom:audio-encoder-webm-vorbis: bf7c407c2cedff20999df2af8eb42d56 -> 
========================================================================
Received Import Request.
  Time since last request: 26.268065 seconds.
  path: Assets/_Scripts/objectBehaviours/CameraFacingBillboard.cs
  artifactKey: Guid(efe8c59b0fc64f5498e552803b9dc905) Importer(815301076,1909f56bfc062723c751e8b465ee728b)
Start importing Assets/_Scripts/objectBehaviours/CameraFacingBillboard.cs using Guid(efe8c59b0fc64f5498e552803b9dc905) Importer(815301076,1909f56bfc062723c751e8b465ee728b)  -> (artifact id: '502e7c08e50fa4fde58c23a19dda73f5') in 0.007039 seconds 
  Import took 0.013544 seconds .

========================================================================
Received Prepare
Registering precompiled user dll's ...
Registered in 0.005672 seconds.
Begin MonoManager ReloadAssembly
Native extension for WindowsStandalone target not found
Native extension for WebGL target not found
Refreshing native plugins compatible for Editor in 0.78 ms, found 3 plugins.
Preloading 0 native plugins for Editor in 0.00 ms.
Mono: successfully reloaded assembly
- Completed reload, in  1.203 seconds
Platform modules already initialized, skipping
Shader 'Universal Render Pipeline/Particles/Lit': fallback shader 'Universal Render Pipeline/Particles/SimpleLit' not found
Refreshing native plugins compatible for Editor in 0.84 ms, found 3 plugins.
Preloading 0 native plugins for Editor in 0.00 ms.
Unloading 3886 Unused Serialized files (Serialized files now loaded: 0)
System memory in use before: 186.5 MB.
System memory in use after: 186.7 MB.

Unloading 18 unused Assets to reduce memory usage. Loaded Objects now: 4624.
Total: 3.237100 ms (FindLiveObjects: 0.355700 ms CreateObjectMapping: 0.231200 ms MarkObjects: 2.506100 ms  DeleteObjects: 0.143300 ms)

AssetImportParameters requested are different than current active one (requested -> active):
  custom:framework-win-MediaFoundation: 216162199b28c13a410421893ffa2e32 -> 
  custom:video-decoder-ogg-theora: a1e56fd34408186e4bbccfd4996cb3dc -> 
  custom:container-muxer-webm: aa71ff27fc2769a1b78a27578f13a17b -> 
  custom:container-demuxer-webm: 4f35f7cbe854078d1ac9338744f61a02 -> 
  custom:container-demuxer-ogg: 62fdf1f143b41e24485cea50d1cbac27 -> 
  custom:video-encoder-webm-vp8: eb34c28f22e8b96e1ab97ce403110664 -> 
  custom:video-decoder-webm-vp8: 9c59270c3fd7afecdb556c50c9e8de78 -> 
  custom:audio-decoder-ogg-vorbis: bf7c407c2cedff20999df2af8eb42d56 -> 
  custom:audio-encoder-webm-vorbis: bf7c407c2cedff20999df2af8eb42d56 -> 
========================================================================
Received Prepare
Registering precompiled user dll's ...
Registered in 0.005580 seconds.
Begin MonoManager ReloadAssembly
Native extension for WindowsStandalone target not found
Native extension for WebGL target not found
Refreshing native plugins compatible for Editor in 0.88 ms, found 3 plugins.
Preloading 0 native plugins for Editor in 0.00 ms.
Mono: successfully reloaded assembly
- Completed reload, in  1.281 seconds
Platform modules already initialized, skipping
Shader 'Universal Render Pipeline/Particles/Lit': fallback shader 'Universal Render Pipeline/Particles/SimpleLit' not found
Refreshing native plugins compatible for Editor in 0.93 ms, found 3 plugins.
Preloading 0 native plugins for Editor in 0.00 ms.
Unloading 3886 Unused Serialized files (Serialized files now loaded: 0)
System memory in use before: 186.5 MB.
System memory in use after: 186.7 MB.

Unloading 18 unused Assets to reduce memory usage. Loaded Objects now: 4627.
Total: 3.768400 ms (FindLiveObjects: 0.485300 ms CreateObjectMapping: 0.217200 ms MarkObjects: 2.931800 ms  DeleteObjects: 0.133000 ms)

AssetImportParameters requested are different than current active one (requested -> active):
  custom:framework-win-MediaFoundation: 216162199b28c13a410421893ffa2e32 -> 
  custom:video-decoder-ogg-theora: a1e56fd34408186e4bbccfd4996cb3dc -> 
  custom:container-muxer-webm: aa71ff27fc2769a1b78a27578f13a17b -> 
  custom:container-demuxer-webm: 4f35f7cbe854078d1ac9338744f61a02 -> 
  custom:container-demuxer-ogg: 62fdf1f143b41e24485cea50d1cbac27 -> 
  custom:video-encoder-webm-vp8: eb34c28f22e8b96e1ab97ce403110664 -> 
  custom:video-decoder-webm-vp8: 9c59270c3fd7afecdb556c50c9e8de78 -> 
  custom:audio-decoder-ogg-vorbis: bf7c407c2cedff20999df2af8eb42d56 -> 
  custom:audio-encoder-webm-vorbis: bf7c407c2cedff20999df2af8eb42d56 -> 
========================================================================
Received Prepare
Registering precompiled user dll's ...
Registered in 0.005754 seconds.
Begin MonoManager ReloadAssembly
Native extension for WindowsStandalone target not found
Native extension for WebGL target not found
Refreshing native plugins compatible for Editor in 0.79 ms, found 3 plugins.
Preloading 0 native plugins for Editor in 0.00 ms.
Mono: successfully reloaded assembly
- Completed reload, in  1.185 seconds
Platform modules already initialized, skipping
Shader 'Universal Render Pipeline/Particles/Lit': fallback shader 'Universal Render Pipeline/Particles/SimpleLit' not found
Refreshing native plugins compatible for Editor in 0.82 ms, found 3 plugins.
Preloading 0 native plugins for Editor in 0.00 ms.
Unloading 3886 Unused Serialized files (Serialized files now loaded: 0)
System memory in use before: 186.5 MB.
System memory in use after: 186.8 MB.

Unloading 18 unused Assets to reduce memory usage. Loaded Objects now: 4630.
Total: 3.411200 ms (FindLiveObjects: 0.358600 ms CreateObjectMapping: 0.219700 ms MarkObjects: 2.690400 ms  DeleteObjects: 0.141700 ms)

AssetImportParameters requested are different than current active one (requested -> active):
  custom:framework-win-MediaFoundation: 216162199b28c13a410421893ffa2e32 -> 
  custom:video-decoder-ogg-theora: a1e56fd34408186e4bbccfd4996cb3dc -> 
  custom:container-muxer-webm: aa71ff27fc2769a1b78a27578f13a17b -> 
  custom:container-demuxer-webm: 4f35f7cbe854078d1ac9338744f61a02 -> 
  custom:container-demuxer-ogg: 62fdf1f143b41e24485cea50d1cbac27 -> 
  custom:video-encoder-webm-vp8: eb34c28f22e8b96e1ab97ce403110664 -> 
  custom:video-decoder-webm-vp8: 9c59270c3fd7afecdb556c50c9e8de78 -> 
  custom:audio-decoder-ogg-vorbis: bf7c407c2cedff20999df2af8eb42d56 -> 
  custom:audio-encoder-webm-vorbis: bf7c407c2cedff20999df2af8eb42d56 -> 
========================================================================
Received Prepare
Registering precompiled user dll's ...
Registered in 0.005659 seconds.
Begin MonoManager ReloadAssembly
Native extension for WindowsStandalone target not found
Native extension for WebGL target not found
Refreshing native plugins compatible for Editor in 0.97 ms, found 3 plugins.
Preloading 0 native plugins for Editor in 0.00 ms.
Mono: successfully reloaded assembly
- Completed reload, in  1.309 seconds
Platform modules already initialized, skipping
Shader 'Universal Render Pipeline/Particles/Lit': fallback shader 'Universal Render Pipeline/Particles/SimpleLit' not found
Refreshing native plugins compatible for Editor in 0.85 ms, found 3 plugins.
Preloading 0 native plugins for Editor in 0.00 ms.
Unloading 3886 Unused Serialized files (Serialized files now loaded: 0)
System memory in use before: 186.6 MB.
System memory in use after: 186.8 MB.

Unloading 18 unused Assets to reduce memory usage. Loaded Objects now: 4633.
Total: 3.614300 ms (FindLiveObjects: 0.435300 ms CreateObjectMapping: 0.159800 ms MarkObjects: 2.858100 ms  DeleteObjects: 0.160400 ms)

AssetImportParameters requested are different than current active one (requested -> active):
  custom:framework-win-MediaFoundation: 216162199b28c13a410421893ffa2e32 -> 
  custom:video-decoder-ogg-theora: a1e56fd34408186e4bbccfd4996cb3dc -> 
  custom:container-muxer-webm: aa71ff27fc2769a1b78a27578f13a17b -> 
  custom:container-demuxer-webm: 4f35f7cbe854078d1ac9338744f61a02 -> 
  custom:container-demuxer-ogg: 62fdf1f143b41e24485cea50d1cbac27 -> 
  custom:video-encoder-webm-vp8: eb34c28f22e8b96e1ab97ce403110664 -> 
  custom:video-decoder-webm-vp8: 9c59270c3fd7afecdb556c50c9e8de78 -> 
  custom:audio-decoder-ogg-vorbis: bf7c407c2cedff20999df2af8eb42d56 -> 
  custom:audio-encoder-webm-vorbis: bf7c407c2cedff20999df2af8eb42d56 -> 
========================================================================
Received Prepare
Registering precompiled user dll's ...
Registered in 0.005624 seconds.
Begin MonoManager ReloadAssembly
Native extension for WindowsStandalone target not found
Native extension for WebGL target not found
Refreshing native plugins compatible for Editor in 0.80 ms, found 3 plugins.
Preloading 0 native plugins for Editor in 0.00 ms.
Mono: successfully reloaded assembly
- Completed reload, in  1.191 seconds
Platform modules already initialized, skipping
Shader 'Universal Render Pipeline/Particles/Lit': fallback shader 'Universal Render Pipeline/Particles/SimpleLit' not found
Refreshing native plugins compatible for Editor in 0.81 ms, found 3 plugins.
Preloading 0 native plugins for Editor in 0.00 ms.
Unloading 3886 Unused Serialized files (Serialized files now loaded: 0)
System memory in use before: 186.6 MB.
System memory in use after: 186.8 MB.

Unloading 18 unused Assets to reduce memory usage. Loaded Objects now: 4636.
Total: 3.553800 ms (FindLiveObjects: 0.392400 ms CreateObjectMapping: 0.203600 ms MarkObjects: 2.825500 ms  DeleteObjects: 0.131200 ms)

AssetImportParameters requested are different than current active one (requested -> active):
  custom:framework-win-MediaFoundation: 216162199b28c13a410421893ffa2e32 -> 
  custom:video-decoder-ogg-theora: a1e56fd34408186e4bbccfd4996cb3dc -> 
  custom:container-muxer-webm: aa71ff27fc2769a1b78a27578f13a17b -> 
  custom:container-demuxer-webm: 4f35f7cbe854078d1ac9338744f61a02 -> 
  custom:container-demuxer-ogg: 62fdf1f143b41e24485cea50d1cbac27 -> 
  custom:video-encoder-webm-vp8: eb34c28f22e8b96e1ab97ce403110664 -> 
  custom:video-decoder-webm-vp8: 9c59270c3fd7afecdb556c50c9e8de78 -> 
  custom:audio-decoder-ogg-vorbis: bf7c407c2cedff20999df2af8eb42d56 -> 
  custom:audio-encoder-webm-vorbis: bf7c407c2cedff20999df2af8eb42d56 -> 
========================================================================
Received Prepare
Registering precompiled user dll's ...
Registered in 0.005815 seconds.
Begin MonoManager ReloadAssembly
Native extension for WindowsStandalone target not found
Native extension for WebGL target not found
Refreshing native plugins compatible for Editor in 0.78 ms, found 3 plugins.
Preloading 0 native plugins for Editor in 0.00 ms.
Mono: successfully reloaded assembly
- Completed reload, in  1.383 seconds
Platform modules already initialized, skipping
Shader 'Universal Render Pipeline/Particles/Lit': fallback shader 'Universal Render Pipeline/Particles/SimpleLit' not found
Refreshing native plugins compatible for Editor in 0.84 ms, found 3 plugins.
Preloading 0 native plugins for Editor in 0.00 ms.
Unloading 3886 Unused Serialized files (Serialized files now loaded: 0)
System memory in use before: 186.6 MB.
System memory in use after: 186.8 MB.

Unloading 18 unused Assets to reduce memory usage. Loaded Objects now: 4639.
Total: 3.783900 ms (FindLiveObjects: 0.397800 ms CreateObjectMapping: 0.195400 ms MarkObjects: 3.078600 ms  DeleteObjects: 0.111200 ms)

AssetImportParameters requested are different than current active one (requested -> active):
  custom:framework-win-MediaFoundation: 216162199b28c13a410421893ffa2e32 -> 
  custom:video-decoder-ogg-theora: a1e56fd34408186e4bbccfd4996cb3dc -> 
  custom:container-muxer-webm: aa71ff27fc2769a1b78a27578f13a17b -> 
  custom:container-demuxer-webm: 4f35f7cbe854078d1ac9338744f61a02 -> 
  custom:container-demuxer-ogg: 62fdf1f143b41e24485cea50d1cbac27 -> 
  custom:video-encoder-webm-vp8: eb34c28f22e8b96e1ab97ce403110664 -> 
  custom:video-decoder-webm-vp8: 9c59270c3fd7afecdb556c50c9e8de78 -> 
  custom:audio-decoder-ogg-vorbis: bf7c407c2cedff20999df2af8eb42d56 -> 
  custom:audio-encoder-webm-vorbis: bf7c407c2cedff20999df2af8eb42d56 -> 
========================================================================
Received Prepare
Registering precompiled user dll's ...
Registered in 0.005535 seconds.
Begin MonoManager ReloadAssembly
Native extension for WindowsStandalone target not found
Native extension for WebGL target not found
Refreshing native plugins compatible for Editor in 0.83 ms, found 3 plugins.
Preloading 0 native plugins for Editor in 0.00 ms.
Mono: successfully reloaded assembly
- Completed reload, in  1.188 seconds
Platform modules already initialized, skipping
Shader 'Universal Render Pipeline/Particles/Lit': fallback shader 'Universal Render Pipeline/Particles/SimpleLit' not found
Refreshing native plugins compatible for Editor in 0.83 ms, found 3 plugins.
Preloading 0 native plugins for Editor in 0.00 ms.
Unloading 3886 Unused Serialized files (Serialized files now loaded: 0)
System memory in use before: 186.6 MB.
System memory in use after: 186.8 MB.

Unloading 18 unused Assets to reduce memory usage. Loaded Objects now: 4642.
Total: 3.941300 ms (FindLiveObjects: 0.464200 ms CreateObjectMapping: 0.198900 ms MarkObjects: 3.155600 ms  DeleteObjects: 0.121300 ms)

AssetImportParameters requested are different than current active one (requested -> active):
  custom:framework-win-MediaFoundation: 216162199b28c13a410421893ffa2e32 -> 
  custom:video-decoder-ogg-theora: a1e56fd34408186e4bbccfd4996cb3dc -> 
  custom:container-muxer-webm: aa71ff27fc2769a1b78a27578f13a17b -> 
  custom:container-demuxer-webm: 4f35f7cbe854078d1ac9338744f61a02 -> 
  custom:container-demuxer-ogg: 62fdf1f143b41e24485cea50d1cbac27 -> 
  custom:video-encoder-webm-vp8: eb34c28f22e8b96e1ab97ce403110664 -> 
  custom:video-decoder-webm-vp8: 9c59270c3fd7afecdb556c50c9e8de78 -> 
  custom:audio-decoder-ogg-vorbis: bf7c407c2cedff20999df2af8eb42d56 -> 
  custom:audio-encoder-webm-vorbis: bf7c407c2cedff20999df2af8eb42d56 -> 
========================================================================
Received Prepare
Registering precompiled user dll's ...
Registered in 0.007582 seconds.
Begin MonoManager ReloadAssembly
Native extension for WindowsStandalone target not found
Native extension for WebGL target not found
Refreshing native plugins compatible for Editor in 0.79 ms, found 3 plugins.
Preloading 0 native plugins for Editor in 0.00 ms.
Mono: successfully reloaded assembly
- Completed reload, in  1.197 seconds
Platform modules already initialized, skipping
Shader 'Universal Render Pipeline/Particles/Lit': fallback shader 'Universal Render Pipeline/Particles/SimpleLit' not found
Refreshing native plugins compatible for Editor in 0.82 ms, found 3 plugins.
Preloading 0 native plugins for Editor in 0.00 ms.
Unloading 3886 Unused Serialized files (Serialized files now loaded: 0)
System memory in use before: 186.6 MB.
System memory in use after: 186.8 MB.

Unloading 18 unused Assets to reduce memory usage. Loaded Objects now: 4645.
Total: 3.708600 ms (FindLiveObjects: 0.367700 ms CreateObjectMapping: 0.219700 ms MarkObjects: 3.008600 ms  DeleteObjects: 0.111800 ms)

AssetImportParameters requested are different than current active one (requested -> active):
  custom:framework-win-MediaFoundation: 216162199b28c13a410421893ffa2e32 -> 
  custom:video-decoder-ogg-theora: a1e56fd34408186e4bbccfd4996cb3dc -> 
  custom:container-muxer-webm: aa71ff27fc2769a1b78a27578f13a17b -> 
  custom:container-demuxer-webm: 4f35f7cbe854078d1ac9338744f61a02 -> 
  custom:container-demuxer-ogg: 62fdf1f143b41e24485cea50d1cbac27 -> 
  custom:video-encoder-webm-vp8: eb34c28f22e8b96e1ab97ce403110664 -> 
  custom:video-decoder-webm-vp8: 9c59270c3fd7afecdb556c50c9e8de78 -> 
  custom:audio-decoder-ogg-vorbis: bf7c407c2cedff20999df2af8eb42d56 -> 
  custom:audio-encoder-webm-vorbis: bf7c407c2cedff20999df2af8eb42d56 -> 
========================================================================
Received Prepare
Registering precompiled user dll's ...
Registered in 0.005727 seconds.
Begin MonoManager ReloadAssembly
Native extension for WindowsStandalone target not found
Native extension for WebGL target not found
Refreshing native plugins compatible for Editor in 0.77 ms, found 3 plugins.
Preloading 0 native plugins for Editor in 0.00 ms.
Mono: successfully reloaded assembly
- Completed reload, in  1.186 seconds
Platform modules already initialized, skipping
Shader 'Universal Render Pipeline/Particles/Lit': fallback shader 'Universal Render Pipeline/Particles/SimpleLit' not found
Refreshing native plugins compatible for Editor in 0.81 ms, found 3 plugins.
Preloading 0 native plugins for Editor in 0.00 ms.
Unloading 3886 Unused Serialized files (Serialized files now loaded: 0)
System memory in use before: 186.6 MB.
System memory in use after: 186.8 MB.

Unloading 18 unused Assets to reduce memory usage. Loaded Objects now: 4648.
Total: 3.404800 ms (FindLiveObjects: 0.435900 ms CreateObjectMapping: 0.197000 ms MarkObjects: 2.626000 ms  DeleteObjects: 0.145000 ms)

AssetImportParameters requested are different than current active one (requested -> active):
  custom:framework-win-MediaFoundation: 216162199b28c13a410421893ffa2e32 -> 
  custom:video-decoder-ogg-theora: a1e56fd34408186e4bbccfd4996cb3dc -> 
  custom:container-muxer-webm: aa71ff27fc2769a1b78a27578f13a17b -> 
  custom:container-demuxer-webm: 4f35f7cbe854078d1ac9338744f61a02 -> 
  custom:container-demuxer-ogg: 62fdf1f143b41e24485cea50d1cbac27 -> 
  custom:video-encoder-webm-vp8: eb34c28f22e8b96e1ab97ce403110664 -> 
  custom:video-decoder-webm-vp8: 9c59270c3fd7afecdb556c50c9e8de78 -> 
  custom:audio-decoder-ogg-vorbis: bf7c407c2cedff20999df2af8eb42d56 -> 
  custom:audio-encoder-webm-vorbis: bf7c407c2cedff20999df2af8eb42d56 -> 
========================================================================
Received Prepare
Registering precompiled user dll's ...
Registered in 0.005445 seconds.
Begin MonoManager ReloadAssembly
Native extension for WindowsStandalone target not found
Native extension for WebGL target not found
Refreshing native plugins compatible for Editor in 0.77 ms, found 3 plugins.
Preloading 0 native plugins for Editor in 0.00 ms.
Mono: successfully reloaded assembly
- Completed reload, in  1.183 seconds
Platform modules already initialized, skipping
Shader 'Universal Render Pipeline/Particles/Lit': fallback shader 'Universal Render Pipeline/Particles/SimpleLit' not found
Refreshing native plugins compatible for Editor in 0.83 ms, found 3 plugins.
Preloading 0 native plugins for Editor in 0.00 ms.
Unloading 3886 Unused Serialized files (Serialized files now loaded: 0)
System memory in use before: 186.6 MB.
System memory in use after: 186.9 MB.

Unloading 18 unused Assets to reduce memory usage. Loaded Objects now: 4651.
Total: 3.472700 ms (FindLiveObjects: 0.419100 ms CreateObjectMapping: 0.192500 ms MarkObjects: 2.726300 ms  DeleteObjects: 0.134000 ms)

AssetImportParameters requested are different than current active one (requested -> active):
  custom:framework-win-MediaFoundation: 216162199b28c13a410421893ffa2e32 -> 
  custom:video-decoder-ogg-theora: a1e56fd34408186e4bbccfd4996cb3dc -> 
  custom:container-muxer-webm: aa71ff27fc2769a1b78a27578f13a17b -> 
  custom:container-demuxer-webm: 4f35f7cbe854078d1ac9338744f61a02 -> 
  custom:container-demuxer-ogg: 62fdf1f143b41e24485cea50d1cbac27 -> 
  custom:video-encoder-webm-vp8: eb34c28f22e8b96e1ab97ce403110664 -> 
  custom:video-decoder-webm-vp8: 9c59270c3fd7afecdb556c50c9e8de78 -> 
  custom:audio-decoder-ogg-vorbis: bf7c407c2cedff20999df2af8eb42d56 -> 
  custom:audio-encoder-webm-vorbis: bf7c407c2cedff20999df2af8eb42d56 -> 
========================================================================
Received Prepare
Registering precompiled user dll's ...
Registered in 0.005684 seconds.
Begin MonoManager ReloadAssembly
Native extension for WindowsStandalone target not found
Native extension for WebGL target not found
Refreshing native plugins compatible for Editor in 0.76 ms, found 3 plugins.
Preloading 0 native plugins for Editor in 0.00 ms.
Mono: successfully reloaded assembly
- Completed reload, in  1.186 seconds
Platform modules already initialized, skipping
Shader 'Universal Render Pipeline/Particles/Lit': fallback shader 'Universal Render Pipeline/Particles/SimpleLit' not found
Refreshing native plugins compatible for Editor in 0.84 ms, found 3 plugins.
Preloading 0 native plugins for Editor in 0.00 ms.
Unloading 3886 Unused Serialized files (Serialized files now loaded: 0)
System memory in use before: 186.7 MB.
System memory in use after: 186.9 MB.

Unloading 18 unused Assets to reduce memory usage. Loaded Objects now: 4654.
Total: 3.389300 ms (FindLiveObjects: 0.352100 ms CreateObjectMapping: 0.196300 ms MarkObjects: 2.696200 ms  DeleteObjects: 0.144000 ms)

AssetImportParameters requested are different than current active one (requested -> active):
  custom:framework-win-MediaFoundation: 216162199b28c13a410421893ffa2e32 -> 
  custom:video-decoder-ogg-theora: a1e56fd34408186e4bbccfd4996cb3dc -> 
  custom:container-muxer-webm: aa71ff27fc2769a1b78a27578f13a17b -> 
  custom:container-demuxer-webm: 4f35f7cbe854078d1ac9338744f61a02 -> 
  custom:container-demuxer-ogg: 62fdf1f143b41e24485cea50d1cbac27 -> 
  custom:video-encoder-webm-vp8: eb34c28f22e8b96e1ab97ce403110664 -> 
  custom:video-decoder-webm-vp8: 9c59270c3fd7afecdb556c50c9e8de78 -> 
  custom:audio-decoder-ogg-vorbis: bf7c407c2cedff20999df2af8eb42d56 -> 
  custom:audio-encoder-webm-vorbis: bf7c407c2cedff20999df2af8eb42d56 -> 
========================================================================
Received Prepare
Registering precompiled user dll's ...
Registered in 0.005932 seconds.
Begin MonoManager ReloadAssembly
Native extension for WindowsStandalone target not found
Native extension for WebGL target not found
Refreshing native plugins compatible for Editor in 0.76 ms, found 3 plugins.
Preloading 0 native plugins for Editor in 0.00 ms.
Mono: successfully reloaded assembly
- Completed reload, in  1.180 seconds
Platform modules already initialized, skipping
Shader 'Universal Render Pipeline/Particles/Lit': fallback shader 'Universal Render Pipeline/Particles/SimpleLit' not found
Refreshing native plugins compatible for Editor in 0.84 ms, found 3 plugins.
Preloading 0 native plugins for Editor in 0.00 ms.
Unloading 3886 Unused Serialized files (Serialized files now loaded: 0)
System memory in use before: 186.7 MB.
System memory in use after: 186.9 MB.

Unloading 18 unused Assets to reduce memory usage. Loaded Objects now: 4657.
Total: 3.525800 ms (FindLiveObjects: 0.385800 ms CreateObjectMapping: 0.149500 ms MarkObjects: 2.844800 ms  DeleteObjects: 0.145000 ms)

AssetImportParameters requested are different than current active one (requested -> active):
  custom:framework-win-MediaFoundation: 216162199b28c13a410421893ffa2e32 -> 
  custom:video-decoder-ogg-theora: a1e56fd34408186e4bbccfd4996cb3dc -> 
  custom:container-muxer-webm: aa71ff27fc2769a1b78a27578f13a17b -> 
  custom:container-demuxer-webm: 4f35f7cbe854078d1ac9338744f61a02 -> 
  custom:container-demuxer-ogg: 62fdf1f143b41e24485cea50d1cbac27 -> 
  custom:video-encoder-webm-vp8: eb34c28f22e8b96e1ab97ce403110664 -> 
  custom:video-decoder-webm-vp8: 9c59270c3fd7afecdb556c50c9e8de78 -> 
  custom:audio-decoder-ogg-vorbis: bf7c407c2cedff20999df2af8eb42d56 -> 
  custom:audio-encoder-webm-vorbis: bf7c407c2cedff20999df2af8eb42d56 -> 
========================================================================
Received Prepare
Registering precompiled user dll's ...
Registered in 0.005244 seconds.
Begin MonoManager ReloadAssembly
Native extension for WindowsStandalone target not found
Native extension for WebGL target not found
Refreshing native plugins compatible for Editor in 0.80 ms, found 3 plugins.
Preloading 0 native plugins for Editor in 0.00 ms.
Mono: successfully reloaded assembly
- Completed reload, in  1.147 seconds
Platform modules already initialized, skipping
Shader 'Universal Render Pipeline/Particles/Lit': fallback shader 'Universal Render Pipeline/Particles/SimpleLit' not found
Refreshing native plugins compatible for Editor in 0.86 ms, found 3 plugins.
Preloading 0 native plugins for Editor in 0.00 ms.
Unloading 3886 Unused Serialized files (Serialized files now loaded: 0)
System memory in use before: 186.7 MB.
System memory in use after: 186.9 MB.

Unloading 18 unused Assets to reduce memory usage. Loaded Objects now: 4660.
Total: 3.513600 ms (FindLiveObjects: 0.378600 ms CreateObjectMapping: 0.214100 ms MarkObjects: 2.774700 ms  DeleteObjects: 0.145200 ms)

AssetImportParameters requested are different than current active one (requested -> active):
  custom:framework-win-MediaFoundation: 216162199b28c13a410421893ffa2e32 -> 
  custom:video-decoder-ogg-theora: a1e56fd34408186e4bbccfd4996cb3dc -> 
  custom:container-muxer-webm: aa71ff27fc2769a1b78a27578f13a17b -> 
  custom:container-demuxer-webm: 4f35f7cbe854078d1ac9338744f61a02 -> 
  custom:container-demuxer-ogg: 62fdf1f143b41e24485cea50d1cbac27 -> 
  custom:video-encoder-webm-vp8: eb34c28f22e8b96e1ab97ce403110664 -> 
  custom:video-decoder-webm-vp8: 9c59270c3fd7afecdb556c50c9e8de78 -> 
  custom:audio-decoder-ogg-vorbis: bf7c407c2cedff20999df2af8eb42d56 -> 
  custom:audio-encoder-webm-vorbis: bf7c407c2cedff20999df2af8eb42d56 -> 
========================================================================
Received Prepare
Registering precompiled user dll's ...
Registered in 0.005359 seconds.
Begin MonoManager ReloadAssembly
Native extension for WindowsStandalone target not found
Native extension for WebGL target not found
Refreshing native plugins compatible for Editor in 0.87 ms, found 3 plugins.
Preloading 0 native plugins for Editor in 0.00 ms.
Mono: successfully reloaded assembly
- Completed reload, in  1.258 seconds
Platform modules already initialized, skipping
Shader 'Universal Render Pipeline/Particles/Lit': fallback shader 'Universal Render Pipeline/Particles/SimpleLit' not found
Refreshing native plugins compatible for Editor in 0.92 ms, found 3 plugins.
Preloading 0 native plugins for Editor in 0.00 ms.
Unloading 3886 Unused Serialized files (Serialized files now loaded: 0)
System memory in use before: 186.7 MB.
System memory in use after: 186.9 MB.

Unloading 18 unused Assets to reduce memory usage. Loaded Objects now: 4663.
Total: 3.888000 ms (FindLiveObjects: 0.603700 ms CreateObjectMapping: 0.222700 ms MarkObjects: 2.944900 ms  DeleteObjects: 0.115900 ms)

AssetImportParameters requested are different than current active one (requested -> active):
  custom:framework-win-MediaFoundation: 216162199b28c13a410421893ffa2e32 -> 
  custom:video-decoder-ogg-theora: a1e56fd34408186e4bbccfd4996cb3dc -> 
  custom:container-muxer-webm: aa71ff27fc2769a1b78a27578f13a17b -> 
  custom:container-demuxer-webm: 4f35f7cbe854078d1ac9338744f61a02 -> 
  custom:container-demuxer-ogg: 62fdf1f143b41e24485cea50d1cbac27 -> 
  custom:video-encoder-webm-vp8: eb34c28f22e8b96e1ab97ce403110664 -> 
  custom:video-decoder-webm-vp8: 9c59270c3fd7afecdb556c50c9e8de78 -> 
  custom:audio-decoder-ogg-vorbis: bf7c407c2cedff20999df2af8eb42d56 -> 
  custom:audio-encoder-webm-vorbis: bf7c407c2cedff20999df2af8eb42d56 -> 
========================================================================
Received Prepare
Registering precompiled user dll's ...
Registered in 0.005839 seconds.
Begin MonoManager ReloadAssembly
Native extension for WindowsStandalone target not found
Native extension for WebGL target not found
Refreshing native plugins compatible for Editor in 0.83 ms, found 3 plugins.
Preloading 0 native plugins for Editor in 0.00 ms.
Mono: successfully reloaded assembly
- Completed reload, in  1.224 seconds
Platform modules already initialized, skipping
Shader 'Universal Render Pipeline/Particles/Lit': fallback shader 'Universal Render Pipeline/Particles/SimpleLit' not found
Refreshing native plugins compatible for Editor in 0.84 ms, found 3 plugins.
Preloading 0 native plugins for Editor in 0.00 ms.
Unloading 3886 Unused Serialized files (Serialized files now loaded: 0)
System memory in use before: 186.7 MB.
System memory in use after: 186.9 MB.

Unloading 18 unused Assets to reduce memory usage. Loaded Objects now: 4666.
Total: 3.417800 ms (FindLiveObjects: 0.411000 ms CreateObjectMapping: 0.223200 ms MarkObjects: 2.650900 ms  DeleteObjects: 0.132000 ms)

AssetImportParameters requested are different than current active one (requested -> active):
  custom:framework-win-MediaFoundation: 216162199b28c13a410421893ffa2e32 -> 
  custom:video-decoder-ogg-theora: a1e56fd34408186e4bbccfd4996cb3dc -> 
  custom:container-muxer-webm: aa71ff27fc2769a1b78a27578f13a17b -> 
  custom:container-demuxer-webm: 4f35f7cbe854078d1ac9338744f61a02 -> 
  custom:container-demuxer-ogg: 62fdf1f143b41e24485cea50d1cbac27 -> 
  custom:video-encoder-webm-vp8: eb34c28f22e8b96e1ab97ce403110664 -> 
  custom:video-decoder-webm-vp8: 9c59270c3fd7afecdb556c50c9e8de78 -> 
  custom:audio-decoder-ogg-vorbis: bf7c407c2cedff20999df2af8eb42d56 -> 
  custom:audio-encoder-webm-vorbis: bf7c407c2cedff20999df2af8eb42d56 -> 
========================================================================
Received Prepare
Registering precompiled user dll's ...
Registered in 0.005709 seconds.
Begin MonoManager ReloadAssembly
Native extension for WindowsStandalone target not found
Native extension for WebGL target not found
Refreshing native plugins compatible for Editor in 0.77 ms, found 3 plugins.
Preloading 0 native plugins for Editor in 0.00 ms.
Mono: successfully reloaded assembly
- Completed reload, in  1.185 seconds
Platform modules already initialized, skipping
Shader 'Universal Render Pipeline/Particles/Lit': fallback shader 'Universal Render Pipeline/Particles/SimpleLit' not found
Refreshing native plugins compatible for Editor in 1.00 ms, found 3 plugins.
Preloading 0 native plugins for Editor in 0.00 ms.
Unloading 3886 Unused Serialized files (Serialized files now loaded: 0)
System memory in use before: 186.7 MB.
System memory in use after: 186.9 MB.

Unloading 18 unused Assets to reduce memory usage. Loaded Objects now: 4669.
Total: 3.511900 ms (FindLiveObjects: 0.465400 ms CreateObjectMapping: 0.185900 ms MarkObjects: 2.710600 ms  DeleteObjects: 0.148900 ms)

AssetImportParameters requested are different than current active one (requested -> active):
  custom:framework-win-MediaFoundation: 216162199b28c13a410421893ffa2e32 -> 
  custom:video-decoder-ogg-theora: a1e56fd34408186e4bbccfd4996cb3dc -> 
  custom:container-muxer-webm: aa71ff27fc2769a1b78a27578f13a17b -> 
  custom:container-demuxer-webm: 4f35f7cbe854078d1ac9338744f61a02 -> 
  custom:container-demuxer-ogg: 62fdf1f143b41e24485cea50d1cbac27 -> 
  custom:video-encoder-webm-vp8: eb34c28f22e8b96e1ab97ce403110664 -> 
  custom:video-decoder-webm-vp8: 9c59270c3fd7afecdb556c50c9e8de78 -> 
  custom:audio-decoder-ogg-vorbis: bf7c407c2cedff20999df2af8eb42d56 -> 
  custom:audio-encoder-webm-vorbis: bf7c407c2cedff20999df2af8eb42d56 -> 
========================================================================
Received Prepare
Registering precompiled user dll's ...
Registered in 0.005842 seconds.
Begin MonoManager ReloadAssembly
Native extension for WindowsStandalone target not found
Native extension for WebGL target not found
Refreshing native plugins compatible for Editor in 0.77 ms, found 3 plugins.
Preloading 0 native plugins for Editor in 0.00 ms.
Mono: successfully reloaded assembly
- Completed reload, in  1.170 seconds
Platform modules already initialized, skipping
Shader 'Universal Render Pipeline/Particles/Lit': fallback shader 'Universal Render Pipeline/Particles/SimpleLit' not found
Refreshing native plugins compatible for Editor in 0.81 ms, found 3 plugins.
Preloading 0 native plugins for Editor in 0.00 ms.
Unloading 3886 Unused Serialized files (Serialized files now loaded: 0)
System memory in use before: 186.7 MB.
System memory in use after: 186.9 MB.

Unloading 18 unused Assets to reduce memory usage. Loaded Objects now: 4672.
Total: 3.493200 ms (FindLiveObjects: 0.428000 ms CreateObjectMapping: 0.222700 ms MarkObjects: 2.704900 ms  DeleteObjects: 0.136500 ms)

AssetImportParameters requested are different than current active one (requested -> active):
  custom:framework-win-MediaFoundation: 216162199b28c13a410421893ffa2e32 -> 
  custom:video-decoder-ogg-theora: a1e56fd34408186e4bbccfd4996cb3dc -> 
  custom:container-muxer-webm: aa71ff27fc2769a1b78a27578f13a17b -> 
  custom:container-demuxer-webm: 4f35f7cbe854078d1ac9338744f61a02 -> 
  custom:container-demuxer-ogg: 62fdf1f143b41e24485cea50d1cbac27 -> 
  custom:video-encoder-webm-vp8: eb34c28f22e8b96e1ab97ce403110664 -> 
  custom:video-decoder-webm-vp8: 9c59270c3fd7afecdb556c50c9e8de78 -> 
  custom:audio-decoder-ogg-vorbis: bf7c407c2cedff20999df2af8eb42d56 -> 
  custom:audio-encoder-webm-vorbis: bf7c407c2cedff20999df2af8eb42d56 -> 
========================================================================
Received Prepare
Registering precompiled user dll's ...
Registered in 0.006086 seconds.
Begin MonoManager ReloadAssembly
Native extension for WindowsStandalone target not found
Native extension for WebGL target not found
Refreshing native plugins compatible for Editor in 0.93 ms, found 3 plugins.
Preloading 0 native plugins for Editor in 0.00 ms.
Mono: successfully reloaded assembly
- Completed reload, in  1.266 seconds
Platform modules already initialized, skipping
Shader 'Universal Render Pipeline/Particles/Lit': fallback shader 'Universal Render Pipeline/Particles/SimpleLit' not found
Refreshing native plugins compatible for Editor in 0.84 ms, found 3 plugins.
Preloading 0 native plugins for Editor in 0.00 ms.
Unloading 3886 Unused Serialized files (Serialized files now loaded: 0)
System memory in use before: 186.7 MB.
System memory in use after: 187.0 MB.

Unloading 18 unused Assets to reduce memory usage. Loaded Objects now: 4675.
Total: 4.082400 ms (FindLiveObjects: 0.421400 ms CreateObjectMapping: 0.235100 ms MarkObjects: 3.325600 ms  DeleteObjects: 0.099500 ms)

AssetImportParameters requested are different than current active one (requested -> active):
  custom:framework-win-MediaFoundation: 216162199b28c13a410421893ffa2e32 -> 
  custom:video-decoder-ogg-theora: a1e56fd34408186e4bbccfd4996cb3dc -> 
  custom:container-muxer-webm: aa71ff27fc2769a1b78a27578f13a17b -> 
  custom:container-demuxer-webm: 4f35f7cbe854078d1ac9338744f61a02 -> 
  custom:container-demuxer-ogg: 62fdf1f143b41e24485cea50d1cbac27 -> 
  custom:video-encoder-webm-vp8: eb34c28f22e8b96e1ab97ce403110664 -> 
  custom:video-decoder-webm-vp8: 9c59270c3fd7afecdb556c50c9e8de78 -> 
  custom:audio-decoder-ogg-vorbis: bf7c407c2cedff20999df2af8eb42d56 -> 
  custom:audio-encoder-webm-vorbis: bf7c407c2cedff20999df2af8eb42d56 -> 
========================================================================
Received Prepare
Registering precompiled user dll's ...
Registered in 0.005916 seconds.
Begin MonoManager ReloadAssembly
Native extension for WindowsStandalone target not found
Native extension for WebGL target not found
Refreshing native plugins compatible for Editor in 1.93 ms, found 3 plugins.
Preloading 0 native plugins for Editor in 0.00 ms.
Mono: successfully reloaded assembly
- Completed reload, in  1.403 seconds
Platform modules already initialized, skipping
Shader 'Universal Render Pipeline/Particles/Lit': fallback shader 'Universal Render Pipeline/Particles/SimpleLit' not found
Refreshing native plugins compatible for Editor in 0.88 ms, found 3 plugins.
Preloading 0 native plugins for Editor in 0.00 ms.
Unloading 3886 Unused Serialized files (Serialized files now loaded: 0)
System memory in use before: 186.8 MB.
System memory in use after: 187.0 MB.

Unloading 18 unused Assets to reduce memory usage. Loaded Objects now: 4678.
Total: 4.633700 ms (FindLiveObjects: 0.545500 ms CreateObjectMapping: 0.333700 ms MarkObjects: 3.498900 ms  DeleteObjects: 0.254500 ms)

AssetImportParameters requested are different than current active one (requested -> active):
  custom:framework-win-MediaFoundation: 216162199b28c13a410421893ffa2e32 -> 
  custom:video-decoder-ogg-theora: a1e56fd34408186e4bbccfd4996cb3dc -> 
  custom:container-muxer-webm: aa71ff27fc2769a1b78a27578f13a17b -> 
  custom:container-demuxer-webm: 4f35f7cbe854078d1ac9338744f61a02 -> 
  custom:container-demuxer-ogg: 62fdf1f143b41e24485cea50d1cbac27 -> 
  custom:video-encoder-webm-vp8: eb34c28f22e8b96e1ab97ce403110664 -> 
  custom:video-decoder-webm-vp8: 9c59270c3fd7afecdb556c50c9e8de78 -> 
  custom:audio-decoder-ogg-vorbis: bf7c407c2cedff20999df2af8eb42d56 -> 
  custom:audio-encoder-webm-vorbis: bf7c407c2cedff20999df2af8eb42d56 -> 
