Using pre-set license
Built from '2021.3/evg/staging/82bb020e-b03b1330/draft-0' branch; Version is '2021.3.16f1 (4016570cf34f) revision 4200023'; Using compiler version '192829333'; Build Type 'Release'
OS: 'Windows 11  (10.0.22621) 64bit Core' Language: 'en' Physical Memory: 12119 MB
BatchMode: 1, IsHumanControllingUs: 0, StartBugReporterOnCrash: 0, Is64bit: 1, IsPro: 1

COMMAND LINE ARGUMENTS:
C:\Program Files\Unity\Hub\Editor\2021.3.16f1\Editor\Unity.exe
-adb2
-batchMode
-noUpm
-name
AssetImportWorker0
-projectPath
C:/Users/gross/OneDrive/Documents/GitHub/human-error/human-error
-logFile
Logs/AssetImportWorker0.log
-srvPort
60061
Successfully changed project path to: C:/Users/gross/OneDrive/Documents/GitHub/human-error/human-error
C:/Users/gross/OneDrive/Documents/GitHub/human-error/human-error
[UnityMemory] Configuration Parameters - Can be set up in boot.config
    "memorysetup-bucket-allocator-granularity=16"
    "memorysetup-bucket-allocator-bucket-count=8"
    "memorysetup-bucket-allocator-block-size=33554432"
    "memorysetup-bucket-allocator-block-count=8"
    "memorysetup-main-allocator-block-size=16777216"
    "memorysetup-thread-allocator-block-size=16777216"
    "memorysetup-gfx-main-allocator-block-size=16777216"
    "memorysetup-gfx-thread-allocator-block-size=16777216"
    "memorysetup-cache-allocator-block-size=4194304"
    "memorysetup-typetree-allocator-block-size=2097152"
    "memorysetup-profiler-bucket-allocator-granularity=16"
    "memorysetup-profiler-bucket-allocator-bucket-count=8"
    "memorysetup-profiler-bucket-allocator-block-size=33554432"
    "memorysetup-profiler-bucket-allocator-block-count=8"
    "memorysetup-profiler-allocator-block-size=16777216"
    "memorysetup-profiler-editor-allocator-block-size=1048576"
    "memorysetup-temp-allocator-size-main=16777216"
    "memorysetup-job-temp-allocator-block-size=2097152"
    "memorysetup-job-temp-allocator-block-size-background=1048576"
    "memorysetup-job-temp-allocator-reduction-small-platforms=262144"
    "memorysetup-temp-allocator-size-background-worker=32768"
    "memorysetup-temp-allocator-size-job-worker=262144"
    "memorysetup-temp-allocator-size-preload-manager=33554432"
    "memorysetup-temp-allocator-size-nav-mesh-worker=65536"
    "memorysetup-temp-allocator-size-audio-worker=65536"
    "memorysetup-temp-allocator-size-cloud-worker=32768"
    "memorysetup-temp-allocator-size-gi-baking-worker=262144"
    "memorysetup-temp-allocator-size-gfx=262144"
Player connection [17712] Host "[IP] 192.168.1.18 [Port] 0 [Flags] 2 [Guid] 1386294683 [EditorId] 1386294683 [Version] 1048832 [Id] WindowsEditor(7,n5) [Debug] 1 [PackageName] WindowsEditor [ProjectName] Editor" joined multi-casting on [225.0.0.222:54997]...

Player connection [17712] Host "[IP] 192.168.1.18 [Port] 0 [Flags] 2 [Guid] 1386294683 [EditorId] 1386294683 [Version] 1048832 [Id] WindowsEditor(7,n5) [Debug] 1 [PackageName] WindowsEditor [ProjectName] Editor" joined alternative multi-casting on [225.0.0.222:34997]...

Refreshing native plugins compatible for Editor in 275.36 ms, found 3 plugins.
Preloading 0 native plugins for Editor in 0.00 ms.
Initialize engine version: 2021.3.16f1 (4016570cf34f)
[Subsystems] Discovering subsystems at path C:/Program Files/Unity/Hub/Editor/2021.3.16f1/Editor/Data/Resources/UnitySubsystems
[Subsystems] Discovering subsystems at path C:/Users/gross/OneDrive/Documents/GitHub/human-error/human-error/Assets
GfxDevice: creating device client; threaded=0; jobified=0
Direct3D:
    Version:  Direct3D 11.0 [level 11.1]
    Renderer: NVIDIA GeForce GTX 1650 (ID=0x1f99)
    Vendor:   NVIDIA
    VRAM:     3962 MB
    Driver:   27.21.14.6262
Initialize mono
Mono path[0] = 'C:/Program Files/Unity/Hub/Editor/2021.3.16f1/Editor/Data/Managed'
Mono path[1] = 'C:/Program Files/Unity/Hub/Editor/2021.3.16f1/Editor/Data/MonoBleedingEdge/lib/mono/unityjit-win32'
Mono config path = 'C:/Program Files/Unity/Hub/Editor/2021.3.16f1/Editor/Data/MonoBleedingEdge/etc'
Using monoOptions --debugger-agent=transport=dt_socket,embedding=1,server=y,suspend=n,address=127.0.0.1:56116
Begin MonoManager ReloadAssembly
Registering precompiled unity dll's ...
Register platform support module: C:/Program Files/Unity/Hub/Editor/2021.3.16f1/Editor/Data/PlaybackEngines/WebGLSupport/UnityEditor.WebGL.Extensions.dll
Register platform support module: C:/Program Files/Unity/Hub/Editor/2021.3.16f1/Editor/Data/PlaybackEngines/WindowsStandaloneSupport/UnityEditor.WindowsStandalone.Extensions.dll
Registered in 0.008253 seconds.
Native extension for WindowsStandalone target not found
Native extension for WebGL target not found
Refreshing native plugins compatible for Editor in 119.86 ms, found 3 plugins.
Preloading 0 native plugins for Editor in 0.00 ms.
Mono: successfully reloaded assembly
- Completed reload, in  1.079 seconds
Domain Reload Profiling:
	ReloadAssembly (1079ms)
		BeginReloadAssembly (180ms)
			ExecutionOrderSort (0ms)
			DisableScriptedObjects (0ms)
			BackupInstance (0ms)
			ReleaseScriptingObjects (0ms)
			CreateAndSetChildDomain (1ms)
		EndReloadAssembly (735ms)
			LoadAssemblies (178ms)
			RebuildTransferFunctionScriptingTraits (0ms)
			SetupTypeCache (243ms)
			ReleaseScriptCaches (0ms)
			RebuildScriptCaches (35ms)
			SetupLoadedEditorAssemblies (389ms)
				LogAssemblyErrors (0ms)
				InitializePlatformSupportModulesInManaged (11ms)
				SetLoadedEditorAssemblies (0ms)
				RefreshPlugins (120ms)
				BeforeProcessingInitializeOnLoad (2ms)
				ProcessInitializeOnLoadAttributes (194ms)
				ProcessInitializeOnLoadMethodAttributes (62ms)
				AfterProcessingInitializeOnLoad (0ms)
				EditorAssembliesLoaded (0ms)
			ExecutionOrderSort2 (0ms)
			AwakeInstancesAfterBackupRestoration (0ms)
Platform modules already initialized, skipping
Registering precompiled user dll's ...
Registered in 0.006589 seconds.
Begin MonoManager ReloadAssembly
Native extension for WindowsStandalone target not found
Native extension for WebGL target not found
Refreshing native plugins compatible for Editor in 114.49 ms, found 3 plugins.
Preloading 0 native plugins for Editor in 0.00 ms.
Mono: successfully reloaded assembly
- Completed reload, in  7.753 seconds
Domain Reload Profiling:
	ReloadAssembly (7755ms)
		BeginReloadAssembly (183ms)
			ExecutionOrderSort (0ms)
			DisableScriptedObjects (7ms)
			BackupInstance (0ms)
			ReleaseScriptingObjects (0ms)
			CreateAndSetChildDomain (28ms)
		EndReloadAssembly (7431ms)
			LoadAssemblies (5629ms)
			RebuildTransferFunctionScriptingTraits (0ms)
			SetupTypeCache (346ms)
			ReleaseScriptCaches (2ms)
			RebuildScriptCaches (116ms)
			SetupLoadedEditorAssemblies (1311ms)
				LogAssemblyErrors (0ms)
				InitializePlatformSupportModulesInManaged (5ms)
				SetLoadedEditorAssemblies (0ms)
				RefreshPlugins (115ms)
				BeforeProcessingInitializeOnLoad (156ms)
				ProcessInitializeOnLoadAttributes (881ms)
				ProcessInitializeOnLoadMethodAttributes (147ms)
				AfterProcessingInitializeOnLoad (7ms)
				EditorAssembliesLoaded (0ms)
			ExecutionOrderSort2 (0ms)
			AwakeInstancesAfterBackupRestoration (7ms)
Platform modules already initialized, skipping
========================================================================
Worker process is ready to serve import requests
Launched and connected shader compiler UnityShaderCompiler.exe after 0.10 seconds
Refreshing native plugins compatible for Editor in 2.60 ms, found 3 plugins.
Preloading 0 native plugins for Editor in 0.00 ms.
Unloading 4883 Unused Serialized files (Serialized files now loaded: 0)
Unloading 175 unused Assets / (2.0 MB). Loaded Objects now: 5308.
Memory consumption went from 220.8 MB to 218.8 MB.
Total: 13.945400 ms (FindLiveObjects: 0.793900 ms CreateObjectMapping: 0.874800 ms MarkObjects: 10.944600 ms  DeleteObjects: 1.330200 ms)

AssetImportParameters requested are different than current active one (requested -> active):
  custom:video-decoder-ogg-theora: a1e56fd34408186e4bbccfd4996cb3dc -> 
  custom:container-muxer-webm: aa71ff27fc2769a1b78a27578f13a17b -> 
  custom:container-demuxer-webm: 4f35f7cbe854078d1ac9338744f61a02 -> 
  custom:video-encoder-webm-vp8: eb34c28f22e8b96e1ab97ce403110664 -> 
  custom:audio-encoder-webm-vorbis: bf7c407c2cedff20999df2af8eb42d56 -> 
  custom:framework-win-MediaFoundation: 216162199b28c13a410421893ffa2e32 -> 
  custom:container-demuxer-ogg: 62fdf1f143b41e24485cea50d1cbac27 -> 
  custom:video-decoder-webm-vp8: 9c59270c3fd7afecdb556c50c9e8de78 -> 
  custom:audio-decoder-ogg-vorbis: bf7c407c2cedff20999df2af8eb42d56 -> 
========================================================================
Received Import Request.
  Time since last request: 401775.863692 seconds.
  path: Assets/InputSystem.inputsettings.asset
  artifactKey: Guid(0779f95da579c6c4aa747e45e8200df2) Importer(815301076,1909f56bfc062723c751e8b465ee728b)
Start importing Assets/InputSystem.inputsettings.asset using Guid(0779f95da579c6c4aa747e45e8200df2) Importer(815301076,1909f56bfc062723c751e8b465ee728b)  -> (artifact id: 'c5983a1f7d1f544be87c6052f67e7b0f') in 0.068345 seconds 
========================================================================
Received Import Request.
  Time since last request: 0.000043 seconds.
  path: Assets/UniversalRenderPipelineAsset.asset
  artifactKey: Guid(a2fa46e944f8b104cb2a1c03146db377) Importer(815301076,1909f56bfc062723c751e8b465ee728b)
Start importing Assets/UniversalRenderPipelineAsset.asset using Guid(a2fa46e944f8b104cb2a1c03146db377) Importer(815301076,1909f56bfc062723c751e8b465ee728b)  -> (artifact id: 'f121fcc1204ad3d57b3d22973194c191') in 0.013786 seconds 
========================================================================
Received Import Request.
  Time since last request: 0.000072 seconds.
  path: Assets/UniversalRenderPipelineGlobalSettings.asset
  artifactKey: Guid(87f3dc7740e20a64d8367290c9ccb081) Importer(815301076,1909f56bfc062723c751e8b465ee728b)
Start importing Assets/UniversalRenderPipelineGlobalSettings.asset using Guid(87f3dc7740e20a64d8367290c9ccb081) Importer(815301076,1909f56bfc062723c751e8b465ee728b)  -> (artifact id: '142efc611065d1eccdfff19551ee6673') in 0.014013 seconds 
========================================================================
Received Import Request.
  Time since last request: 0.000038 seconds.
  path: Assets/UniversalRenderPipelineAsset_Renderer.asset
  artifactKey: Guid(68b94a242f1eb4847b0c1ac4b4b66e49) Importer(815301076,1909f56bfc062723c751e8b465ee728b)
Start importing Assets/UniversalRenderPipelineAsset_Renderer.asset using Guid(68b94a242f1eb4847b0c1ac4b4b66e49) Importer(815301076,1909f56bfc062723c751e8b465ee728b)  -> (artifact id: '6598d157a2f30e8edc6341f56a88bd0e') in 0.012421 seconds 
========================================================================
Received Prepare
Registering precompiled user dll's ...
Registered in 0.004660 seconds.
Begin MonoManager ReloadAssembly
Native extension for WindowsStandalone target not found
Native extension for WebGL target not found
Refreshing native plugins compatible for Editor in 0.92 ms, found 3 plugins.
Preloading 0 native plugins for Editor in 0.00 ms.
Warning: Annotation not found!
UnityEngine.StackTraceUtility:ExtractStackTrace ()
UnityEditor.ProBuilder.EditorUtility:SetGizmoIconEnabled (System.Type,bool) (at Library/PackageCache/com.unity.probuilder@5.0.3/Editor/EditorCore/EditorUtility.cs:575)
UnityEditor.ProBuilder.HierarchyListener:.cctor () (at Library/PackageCache/com.unity.probuilder@5.0.3/Editor/EditorCore/HierarchyListener.cs:21)
System.Runtime.CompilerServices.RuntimeHelpers:RunClassConstructor (System.RuntimeTypeHandle)
UnityEditor.EditorAssemblies:ProcessInitializeOnLoadAttributes (System.Type[])

[Library/PackageCache/com.unity.probuilder@5.0.3/Editor/EditorCore/EditorUtility.cs line 575]

Mono: successfully reloaded assembly
- Completed reload, in  1.410 seconds
Domain Reload Profiling:
	ReloadAssembly (1411ms)
		BeginReloadAssembly (230ms)
			ExecutionOrderSort (0ms)
			DisableScriptedObjects (7ms)
			BackupInstance (0ms)
			ReleaseScriptingObjects (0ms)
			CreateAndSetChildDomain (50ms)
		EndReloadAssembly (1063ms)
			LoadAssemblies (170ms)
			RebuildTransferFunctionScriptingTraits (0ms)
			SetupTypeCache (279ms)
			ReleaseScriptCaches (3ms)
			RebuildScriptCaches (68ms)
			SetupLoadedEditorAssemblies (556ms)
				LogAssemblyErrors (0ms)
				InitializePlatformSupportModulesInManaged (13ms)
				SetLoadedEditorAssemblies (0ms)
				RefreshPlugins (1ms)
				BeforeProcessingInitializeOnLoad (95ms)
				ProcessInitializeOnLoadAttributes (336ms)
				ProcessInitializeOnLoadMethodAttributes (103ms)
				AfterProcessingInitializeOnLoad (7ms)
				EditorAssembliesLoaded (0ms)
			ExecutionOrderSort2 (0ms)
			AwakeInstancesAfterBackupRestoration (9ms)
Platform modules already initialized, skipping
Refreshing native plugins compatible for Editor in 3.82 ms, found 3 plugins.
Preloading 0 native plugins for Editor in 0.00 ms.
Unloading 4674 Unused Serialized files (Serialized files now loaded: 0)
Unloading 39 unused Assets / (2.0 MB). Loaded Objects now: 5314.
Memory consumption went from 204.7 MB to 202.7 MB.
Total: 7.106500 ms (FindLiveObjects: 0.431100 ms CreateObjectMapping: 0.399400 ms MarkObjects: 5.125900 ms  DeleteObjects: 1.148300 ms)

AssetImportParameters requested are different than current active one (requested -> active):
  custom:video-decoder-ogg-theora: a1e56fd34408186e4bbccfd4996cb3dc -> 
  custom:container-muxer-webm: aa71ff27fc2769a1b78a27578f13a17b -> 
  custom:container-demuxer-webm: 4f35f7cbe854078d1ac9338744f61a02 -> 
  custom:video-encoder-webm-vp8: eb34c28f22e8b96e1ab97ce403110664 -> 
  custom:audio-encoder-webm-vorbis: bf7c407c2cedff20999df2af8eb42d56 -> 
  custom:framework-win-MediaFoundation: 216162199b28c13a410421893ffa2e32 -> 
  custom:container-demuxer-ogg: 62fdf1f143b41e24485cea50d1cbac27 -> 
  custom:video-decoder-webm-vp8: 9c59270c3fd7afecdb556c50c9e8de78 -> 
  custom:audio-decoder-ogg-vorbis: bf7c407c2cedff20999df2af8eb42d56 -> 
========================================================================
Received Import Request.
  Time since last request: 133.041560 seconds.
  path: Assets/Scenes/Interact Test
  artifactKey: Guid(f0a5ea0af44118b41aa0d2395f076621) Importer(815301076,1909f56bfc062723c751e8b465ee728b)
Start importing Assets/Scenes/Interact Test using Guid(f0a5ea0af44118b41aa0d2395f076621) Importer(815301076,1909f56bfc062723c751e8b465ee728b)  -> (artifact id: '19952d4a60f74e9b35b4e662e078bbc8') in 0.015308 seconds 
========================================================================
Received Import Request.
  Time since last request: 0.012850 seconds.
  path: Assets/Scenes/Interact Test/Post Processing Profile.asset
  artifactKey: Guid(f3de436026ea31b4bb138f5d9a743a37) Importer(815301076,1909f56bfc062723c751e8b465ee728b)
Start importing Assets/Scenes/Interact Test/Post Processing Profile.asset using Guid(f3de436026ea31b4bb138f5d9a743a37) Importer(815301076,1909f56bfc062723c751e8b465ee728b)  -> (artifact id: 'a4ec52a53be1c841e6a53ba42735b085') in 0.023189 seconds 
========================================================================
Received Import Request.
  Time since last request: 2.901732 seconds.
  path: Assets/Scenes/act1
  artifactKey: Guid(e780b53bc6aea26459fd640f7b6196c6) Importer(815301076,1909f56bfc062723c751e8b465ee728b)
Start importing Assets/Scenes/act1 using Guid(e780b53bc6aea26459fd640f7b6196c6) Importer(815301076,1909f56bfc062723c751e8b465ee728b)  -> (artifact id: '679e544dff2f479dde387a3a7aaba141') in 0.011591 seconds 
========================================================================
Received Import Request.
  Time since last request: 2.413418 seconds.
  path: Assets/Scenes/act1/room1.unity
  artifactKey: Guid(717d345b529719644b5a8a3c4795555d) Importer(815301076,1909f56bfc062723c751e8b465ee728b)
Start importing Assets/Scenes/act1/room1.unity using Guid(717d345b529719644b5a8a3c4795555d) Importer(815301076,1909f56bfc062723c751e8b465ee728b)  -> (artifact id: 'd53344c2bd210910bec2a78930e59fae') in 0.010789 seconds 
========================================================================
Received Prepare
Registering precompiled user dll's ...
Registered in 0.004151 seconds.
Begin MonoManager ReloadAssembly
Native extension for WindowsStandalone target not found
Native extension for WebGL target not found
Refreshing native plugins compatible for Editor in 1.80 ms, found 3 plugins.
Preloading 0 native plugins for Editor in 0.00 ms.
Warning: Annotation not found!
UnityEngine.StackTraceUtility:ExtractStackTrace ()
UnityEditor.ProBuilder.EditorUtility:SetGizmoIconEnabled (System.Type,bool) (at Library/PackageCache/com.unity.probuilder@5.0.3/Editor/EditorCore/EditorUtility.cs:575)
UnityEditor.ProBuilder.HierarchyListener:.cctor () (at Library/PackageCache/com.unity.probuilder@5.0.3/Editor/EditorCore/HierarchyListener.cs:21)
System.Runtime.CompilerServices.RuntimeHelpers:RunClassConstructor (System.RuntimeTypeHandle)
UnityEditor.EditorAssemblies:ProcessInitializeOnLoadAttributes (System.Type[])

[Library/PackageCache/com.unity.probuilder@5.0.3/Editor/EditorCore/EditorUtility.cs line 575]

Mono: successfully reloaded assembly
- Completed reload, in  1.581 seconds
Domain Reload Profiling:
	ReloadAssembly (1582ms)
		BeginReloadAssembly (154ms)
			ExecutionOrderSort (0ms)
			DisableScriptedObjects (7ms)
			BackupInstance (0ms)
			ReleaseScriptingObjects (0ms)
			CreateAndSetChildDomain (49ms)
		EndReloadAssembly (1313ms)
			LoadAssemblies (103ms)
			RebuildTransferFunctionScriptingTraits (0ms)
			SetupTypeCache (329ms)
			ReleaseScriptCaches (2ms)
			RebuildScriptCaches (81ms)
			SetupLoadedEditorAssemblies (709ms)
				LogAssemblyErrors (0ms)
				InitializePlatformSupportModulesInManaged (16ms)
				SetLoadedEditorAssemblies (1ms)
				RefreshPlugins (2ms)
				BeforeProcessingInitializeOnLoad (115ms)
				ProcessInitializeOnLoadAttributes (445ms)
				ProcessInitializeOnLoadMethodAttributes (122ms)
				AfterProcessingInitializeOnLoad (8ms)
				EditorAssembliesLoaded (0ms)
			ExecutionOrderSort2 (0ms)
			AwakeInstancesAfterBackupRestoration (15ms)
Platform modules already initialized, skipping
Refreshing native plugins compatible for Editor in 4.77 ms, found 3 plugins.
Preloading 0 native plugins for Editor in 0.00 ms.
Unloading 4672 Unused Serialized files (Serialized files now loaded: 0)
Unloading 39 unused Assets / (2.0 MB). Loaded Objects now: 5317.
Memory consumption went from 204.8 MB to 202.8 MB.
Total: 6.313200 ms (FindLiveObjects: 0.384300 ms CreateObjectMapping: 0.462600 ms MarkObjects: 4.915900 ms  DeleteObjects: 0.548800 ms)

AssetImportParameters requested are different than current active one (requested -> active):
  custom:video-decoder-ogg-theora: a1e56fd34408186e4bbccfd4996cb3dc -> 
  custom:container-muxer-webm: aa71ff27fc2769a1b78a27578f13a17b -> 
  custom:container-demuxer-webm: 4f35f7cbe854078d1ac9338744f61a02 -> 
  custom:video-encoder-webm-vp8: eb34c28f22e8b96e1ab97ce403110664 -> 
  custom:audio-encoder-webm-vorbis: bf7c407c2cedff20999df2af8eb42d56 -> 
  custom:framework-win-MediaFoundation: 216162199b28c13a410421893ffa2e32 -> 
  custom:container-demuxer-ogg: 62fdf1f143b41e24485cea50d1cbac27 -> 
  custom:video-decoder-webm-vp8: 9c59270c3fd7afecdb556c50c9e8de78 -> 
  custom:audio-decoder-ogg-vorbis: bf7c407c2cedff20999df2af8eb42d56 -> 
========================================================================
Received Prepare
Registering precompiled user dll's ...
Registered in 0.006379 seconds.
Begin MonoManager ReloadAssembly
Native extension for WindowsStandalone target not found
Native extension for WebGL target not found
Refreshing native plugins compatible for Editor in 0.93 ms, found 3 plugins.
Preloading 0 native plugins for Editor in 0.00 ms.
Warning: Annotation not found!
UnityEngine.StackTraceUtility:ExtractStackTrace ()
UnityEditor.ProBuilder.EditorUtility:SetGizmoIconEnabled (System.Type,bool) (at Library/PackageCache/com.unity.probuilder@5.0.3/Editor/EditorCore/EditorUtility.cs:575)
UnityEditor.ProBuilder.HierarchyListener:.cctor () (at Library/PackageCache/com.unity.probuilder@5.0.3/Editor/EditorCore/HierarchyListener.cs:21)
System.Runtime.CompilerServices.RuntimeHelpers:RunClassConstructor (System.RuntimeTypeHandle)
UnityEditor.EditorAssemblies:ProcessInitializeOnLoadAttributes (System.Type[])

[Library/PackageCache/com.unity.probuilder@5.0.3/Editor/EditorCore/EditorUtility.cs line 575]

Mono: successfully reloaded assembly
- Completed reload, in  1.338 seconds
Domain Reload Profiling:
	ReloadAssembly (1339ms)
		BeginReloadAssembly (169ms)
			ExecutionOrderSort (0ms)
			DisableScriptedObjects (10ms)
			BackupInstance (0ms)
			ReleaseScriptingObjects (0ms)
			CreateAndSetChildDomain (46ms)
		EndReloadAssembly (1060ms)
			LoadAssemblies (108ms)
			RebuildTransferFunctionScriptingTraits (0ms)
			SetupTypeCache (319ms)
			ReleaseScriptCaches (2ms)
			RebuildScriptCaches (62ms)
			SetupLoadedEditorAssemblies (535ms)
				LogAssemblyErrors (0ms)
				InitializePlatformSupportModulesInManaged (12ms)
				SetLoadedEditorAssemblies (0ms)
				RefreshPlugins (1ms)
				BeforeProcessingInitializeOnLoad (82ms)
				ProcessInitializeOnLoadAttributes (348ms)
				ProcessInitializeOnLoadMethodAttributes (86ms)
				AfterProcessingInitializeOnLoad (5ms)
				EditorAssembliesLoaded (0ms)
			ExecutionOrderSort2 (0ms)
			AwakeInstancesAfterBackupRestoration (10ms)
Platform modules already initialized, skipping
Refreshing native plugins compatible for Editor in 2.57 ms, found 3 plugins.
Preloading 0 native plugins for Editor in 0.00 ms.
Unloading 4672 Unused Serialized files (Serialized files now loaded: 0)
Unloading 39 unused Assets / (2.0 MB). Loaded Objects now: 5320.
Memory consumption went from 204.8 MB to 202.8 MB.
Total: 5.117900 ms (FindLiveObjects: 0.388100 ms CreateObjectMapping: 0.483100 ms MarkObjects: 3.670800 ms  DeleteObjects: 0.574500 ms)

AssetImportParameters requested are different than current active one (requested -> active):
  custom:video-decoder-ogg-theora: a1e56fd34408186e4bbccfd4996cb3dc -> 
  custom:container-muxer-webm: aa71ff27fc2769a1b78a27578f13a17b -> 
  custom:container-demuxer-webm: 4f35f7cbe854078d1ac9338744f61a02 -> 
  custom:video-encoder-webm-vp8: eb34c28f22e8b96e1ab97ce403110664 -> 
  custom:audio-encoder-webm-vorbis: bf7c407c2cedff20999df2af8eb42d56 -> 
  custom:framework-win-MediaFoundation: 216162199b28c13a410421893ffa2e32 -> 
  custom:container-demuxer-ogg: 62fdf1f143b41e24485cea50d1cbac27 -> 
  custom:video-decoder-webm-vp8: 9c59270c3fd7afecdb556c50c9e8de78 -> 
  custom:audio-decoder-ogg-vorbis: bf7c407c2cedff20999df2af8eb42d56 -> 
========================================================================
Received Prepare
Registering precompiled user dll's ...
Registered in 0.004237 seconds.
Begin MonoManager ReloadAssembly
Native extension for WindowsStandalone target not found
Native extension for WebGL target not found
Refreshing native plugins compatible for Editor in 1.21 ms, found 3 plugins.
Preloading 0 native plugins for Editor in 0.00 ms.
Warning: Annotation not found!
UnityEngine.StackTraceUtility:ExtractStackTrace ()
UnityEditor.ProBuilder.EditorUtility:SetGizmoIconEnabled (System.Type,bool) (at Library/PackageCache/com.unity.probuilder@5.0.3/Editor/EditorCore/EditorUtility.cs:575)
UnityEditor.ProBuilder.HierarchyListener:.cctor () (at Library/PackageCache/com.unity.probuilder@5.0.3/Editor/EditorCore/HierarchyListener.cs:21)
System.Runtime.CompilerServices.RuntimeHelpers:RunClassConstructor (System.RuntimeTypeHandle)
UnityEditor.EditorAssemblies:ProcessInitializeOnLoadAttributes (System.Type[])

[Library/PackageCache/com.unity.probuilder@5.0.3/Editor/EditorCore/EditorUtility.cs line 575]

Mono: successfully reloaded assembly
- Completed reload, in  1.539 seconds
Domain Reload Profiling:
	ReloadAssembly (1540ms)
		BeginReloadAssembly (149ms)
			ExecutionOrderSort (0ms)
			DisableScriptedObjects (7ms)
			BackupInstance (0ms)
			ReleaseScriptingObjects (0ms)
			CreateAndSetChildDomain (45ms)
		EndReloadAssembly (1278ms)
			LoadAssemblies (95ms)
			RebuildTransferFunctionScriptingTraits (0ms)
			SetupTypeCache (327ms)
			ReleaseScriptCaches (3ms)
			RebuildScriptCaches (75ms)
			SetupLoadedEditorAssemblies (684ms)
				LogAssemblyErrors (0ms)
				InitializePlatformSupportModulesInManaged (17ms)
				SetLoadedEditorAssemblies (1ms)
				RefreshPlugins (1ms)
				BeforeProcessingInitializeOnLoad (110ms)
				ProcessInitializeOnLoadAttributes (435ms)
				ProcessInitializeOnLoadMethodAttributes (113ms)
				AfterProcessingInitializeOnLoad (8ms)
				EditorAssembliesLoaded (0ms)
			ExecutionOrderSort2 (0ms)
			AwakeInstancesAfterBackupRestoration (14ms)
Platform modules already initialized, skipping
Refreshing native plugins compatible for Editor in 3.54 ms, found 3 plugins.
Preloading 0 native plugins for Editor in 0.00 ms.
Unloading 4672 Unused Serialized files (Serialized files now loaded: 0)
Unloading 39 unused Assets / (2.0 MB). Loaded Objects now: 5323.
Memory consumption went from 204.8 MB to 202.8 MB.
Total: 10.631900 ms (FindLiveObjects: 0.862200 ms CreateObjectMapping: 1.161400 ms MarkObjects: 7.658900 ms  DeleteObjects: 0.948000 ms)

AssetImportParameters requested are different than current active one (requested -> active):
  custom:video-decoder-ogg-theora: a1e56fd34408186e4bbccfd4996cb3dc -> 
  custom:container-muxer-webm: aa71ff27fc2769a1b78a27578f13a17b -> 
  custom:container-demuxer-webm: 4f35f7cbe854078d1ac9338744f61a02 -> 
  custom:video-encoder-webm-vp8: eb34c28f22e8b96e1ab97ce403110664 -> 
  custom:audio-encoder-webm-vorbis: bf7c407c2cedff20999df2af8eb42d56 -> 
  custom:framework-win-MediaFoundation: 216162199b28c13a410421893ffa2e32 -> 
  custom:container-demuxer-ogg: 62fdf1f143b41e24485cea50d1cbac27 -> 
  custom:video-decoder-webm-vp8: 9c59270c3fd7afecdb556c50c9e8de78 -> 
  custom:audio-decoder-ogg-vorbis: bf7c407c2cedff20999df2af8eb42d56 -> 
========================================================================
Received Import Request.
  Time since last request: 503.018118 seconds.
  path: Assets/_Scripts/DialogueSystem
  artifactKey: Guid(a7443b976002ee642aa1d82a51b88320) Importer(815301076,1909f56bfc062723c751e8b465ee728b)
Start importing Assets/_Scripts/DialogueSystem using Guid(a7443b976002ee642aa1d82a51b88320) Importer(815301076,1909f56bfc062723c751e8b465ee728b)  -> (artifact id: '5557f34fcf9da9238e73d30a293ae57c') in 0.018539 seconds 
========================================================================
Received Import Request.
  Time since last request: 4.183529 seconds.
  path: Assets/_Scripts/DialogueSystem/DialogueChanger.cs
  artifactKey: Guid(c084f28dd5bb22846bd039aad4fa56dc) Importer(815301076,1909f56bfc062723c751e8b465ee728b)
Start importing Assets/_Scripts/DialogueSystem/DialogueChanger.cs using Guid(c084f28dd5bb22846bd039aad4fa56dc) Importer(815301076,1909f56bfc062723c751e8b465ee728b)  -> (artifact id: '89d0f7de76679adbd341f6bc18a91701') in 0.033033 seconds 
========================================================================
Received Import Request.
  Time since last request: 20.852226 seconds.
  path: Assets/_Scripts/DialogueSystem/ResponseEvent.cs
  artifactKey: Guid(31781dbcbafaf854b8bc8982ddfbbb21) Importer(815301076,1909f56bfc062723c751e8b465ee728b)
Start importing Assets/_Scripts/DialogueSystem/ResponseEvent.cs using Guid(31781dbcbafaf854b8bc8982ddfbbb21) Importer(815301076,1909f56bfc062723c751e8b465ee728b)  -> (artifact id: 'fd618942039876da5b6dd77c4112d82e') in 0.009532 seconds 
========================================================================
Received Import Request.
  Time since last request: 9.263354 seconds.
  path: Assets/_Scripts/DialogueSystem/ResponseHandler.cs
  artifactKey: Guid(09b10dff2a82a3b479b08b6d17238294) Importer(815301076,1909f56bfc062723c751e8b465ee728b)
Start importing Assets/_Scripts/DialogueSystem/ResponseHandler.cs using Guid(09b10dff2a82a3b479b08b6d17238294) Importer(815301076,1909f56bfc062723c751e8b465ee728b)  -> (artifact id: '0cf5feb70550deb4397d000877fb311c') in 0.009898 seconds 
========================================================================
Received Import Request.
  Time since last request: 160.022822 seconds.
  path: Assets/_Scripts/DialogueSystem/Interactable.cs
  artifactKey: Guid(1531b61cf72843746b867c707d3e7108) Importer(815301076,1909f56bfc062723c751e8b465ee728b)
Start importing Assets/_Scripts/DialogueSystem/Interactable.cs using Guid(1531b61cf72843746b867c707d3e7108) Importer(815301076,1909f56bfc062723c751e8b465ee728b)  -> (artifact id: 'd1788b3282b80a08f7a2c231d512f673') in 0.011385 seconds 
========================================================================
Received Import Request.
  Time since last request: 1.860200 seconds.
  path: Assets/_Scripts/DialogueSystem/TypewriterEffect.cs
  artifactKey: Guid(5c6e2e3ce0979544bb0afab9e7b3dc42) Importer(815301076,1909f56bfc062723c751e8b465ee728b)
Start importing Assets/_Scripts/DialogueSystem/TypewriterEffect.cs using Guid(5c6e2e3ce0979544bb0afab9e7b3dc42) Importer(815301076,1909f56bfc062723c751e8b465ee728b)  -> (artifact id: 'b382618a09bc6180b5e8a2cfafd4cc29') in 0.009901 seconds 
========================================================================
Received Import Request.
  Time since last request: 1.007001 seconds.
  path: Assets/_Scripts/DialogueSystem/TextAnimator.cs
  artifactKey: Guid(65bc3d1b95caf804a9125175aed8fadb) Importer(815301076,1909f56bfc062723c751e8b465ee728b)
Start importing Assets/_Scripts/DialogueSystem/TextAnimator.cs using Guid(65bc3d1b95caf804a9125175aed8fadb) Importer(815301076,1909f56bfc062723c751e8b465ee728b)  -> (artifact id: '1e9593ff1b5a39f43ef5713d02b8e20f') in 0.008702 seconds 
========================================================================
Received Import Request.
  Time since last request: 4.779201 seconds.
  path: Assets/_Scripts/DialogueSystem/Response.cs
  artifactKey: Guid(17311d812bb17c04883c1fc750ba6b3d) Importer(815301076,1909f56bfc062723c751e8b465ee728b)
Start importing Assets/_Scripts/DialogueSystem/Response.cs using Guid(17311d812bb17c04883c1fc750ba6b3d) Importer(815301076,1909f56bfc062723c751e8b465ee728b)  -> (artifact id: '15bfd60282e93b67612c97e7fd13d464') in 0.009483 seconds 
========================================================================
Received Import Request.
  Time since last request: 0.916431 seconds.
  path: Assets/_Scripts/DialogueSystem/DialogueResponseEvents.cs
  artifactKey: Guid(fb67b204773b6f54581fdfc20c347c26) Importer(815301076,1909f56bfc062723c751e8b465ee728b)
Start importing Assets/_Scripts/DialogueSystem/DialogueResponseEvents.cs using Guid(fb67b204773b6f54581fdfc20c347c26) Importer(815301076,1909f56bfc062723c751e8b465ee728b)  -> (artifact id: '0ed561a41079a6840f22f25ee88e9539') in 0.008986 seconds 
========================================================================
Received Import Request.
  Time since last request: 2.335075 seconds.
  path: Assets/_Scripts/DialogueSystem/DialogueObject.cs
  artifactKey: Guid(f9b6bbe2a19e7ec48ad69c6bf92a40ae) Importer(815301076,1909f56bfc062723c751e8b465ee728b)
Start importing Assets/_Scripts/DialogueSystem/DialogueObject.cs using Guid(f9b6bbe2a19e7ec48ad69c6bf92a40ae) Importer(815301076,1909f56bfc062723c751e8b465ee728b)  -> (artifact id: '480aee270c8f0b112e30fd9cfe484d02') in 0.009977 seconds 
========================================================================
Received Import Request.
  Time since last request: 0.603904 seconds.
  path: Assets/_Scripts/DialogueSystem/DialogueActivator.cs
  artifactKey: Guid(8ec50633d4f665847b8881a3c28201d4) Importer(815301076,1909f56bfc062723c751e8b465ee728b)
Start importing Assets/_Scripts/DialogueSystem/DialogueActivator.cs using Guid(8ec50633d4f665847b8881a3c28201d4) Importer(815301076,1909f56bfc062723c751e8b465ee728b)  -> (artifact id: 'a90e3d429a3eaaa246762d8104ed6579') in 0.009316 seconds 
========================================================================
Received Import Request.
  Time since last request: 2051.595884 seconds.
  path: Assets/_Scripts/DialogueSystem/DialogueUI.cs
  artifactKey: Guid(bca5614ad84c51c40a1ef8b398b00d2c) Importer(815301076,1909f56bfc062723c751e8b465ee728b)
Start importing Assets/_Scripts/DialogueSystem/DialogueUI.cs using Guid(bca5614ad84c51c40a1ef8b398b00d2c) Importer(815301076,1909f56bfc062723c751e8b465ee728b)  -> (artifact id: 'ed642967ccb5b48c53bce850e891e5b2') in 0.008503 seconds 
========================================================================
Received Prepare
Registering precompiled user dll's ...
Registered in 0.006444 seconds.
Begin MonoManager ReloadAssembly
Native extension for WindowsStandalone target not found
Native extension for WebGL target not found
Refreshing native plugins compatible for Editor in 1.62 ms, found 3 plugins.
Preloading 0 native plugins for Editor in 0.00 ms.
Warning: Annotation not found!
UnityEngine.StackTraceUtility:ExtractStackTrace ()
UnityEditor.ProBuilder.EditorUtility:SetGizmoIconEnabled (System.Type,bool) (at Library/PackageCache/com.unity.probuilder@5.0.3/Editor/EditorCore/EditorUtility.cs:575)
UnityEditor.ProBuilder.HierarchyListener:.cctor () (at Library/PackageCache/com.unity.probuilder@5.0.3/Editor/EditorCore/HierarchyListener.cs:21)
System.Runtime.CompilerServices.RuntimeHelpers:RunClassConstructor (System.RuntimeTypeHandle)
UnityEditor.EditorAssemblies:ProcessInitializeOnLoadAttributes (System.Type[])

[Library/PackageCache/com.unity.probuilder@5.0.3/Editor/EditorCore/EditorUtility.cs line 575]

Mono: successfully reloaded assembly
- Completed reload, in  2.677 seconds
Domain Reload Profiling:
	ReloadAssembly (2681ms)
		BeginReloadAssembly (738ms)
			ExecutionOrderSort (0ms)
			DisableScriptedObjects (52ms)
			BackupInstance (0ms)
			ReleaseScriptingObjects (0ms)
			CreateAndSetChildDomain (291ms)
		EndReloadAssembly (1611ms)
			LoadAssemblies (209ms)
			RebuildTransferFunctionScriptingTraits (1ms)
			SetupTypeCache (603ms)
			ReleaseScriptCaches (4ms)
			RebuildScriptCaches (70ms)
			SetupLoadedEditorAssemblies (694ms)
				LogAssemblyErrors (0ms)
				InitializePlatformSupportModulesInManaged (17ms)
				SetLoadedEditorAssemblies (2ms)
				RefreshPlugins (2ms)
				BeforeProcessingInitializeOnLoad (104ms)
				ProcessInitializeOnLoadAttributes (448ms)
				ProcessInitializeOnLoadMethodAttributes (112ms)
				AfterProcessingInitializeOnLoad (8ms)
				EditorAssembliesLoaded (1ms)
			ExecutionOrderSort2 (0ms)
			AwakeInstancesAfterBackupRestoration (23ms)
Platform modules already initialized, skipping
Refreshing native plugins compatible for Editor in 6.77 ms, found 3 plugins.
Preloading 0 native plugins for Editor in 0.00 ms.
Unloading 4672 Unused Serialized files (Serialized files now loaded: 0)
Unloading 39 unused Assets / (2.0 MB). Loaded Objects now: 5326.
Memory consumption went from 204.6 MB to 202.6 MB.
Total: 7.962900 ms (FindLiveObjects: 0.478600 ms CreateObjectMapping: 0.506500 ms MarkObjects: 6.246500 ms  DeleteObjects: 0.729800 ms)

AssetImportParameters requested are different than current active one (requested -> active):
  custom:video-decoder-ogg-theora: a1e56fd34408186e4bbccfd4996cb3dc -> 
  custom:container-muxer-webm: aa71ff27fc2769a1b78a27578f13a17b -> 
  custom:container-demuxer-webm: 4f35f7cbe854078d1ac9338744f61a02 -> 
  custom:video-encoder-webm-vp8: eb34c28f22e8b96e1ab97ce403110664 -> 
  custom:audio-encoder-webm-vorbis: bf7c407c2cedff20999df2af8eb42d56 -> 
  custom:framework-win-MediaFoundation: 216162199b28c13a410421893ffa2e32 -> 
  custom:container-demuxer-ogg: 62fdf1f143b41e24485cea50d1cbac27 -> 
  custom:video-decoder-webm-vp8: 9c59270c3fd7afecdb556c50c9e8de78 -> 
  custom:audio-decoder-ogg-vorbis: bf7c407c2cedff20999df2af8eb42d56 -> 
========================================================================
Received Prepare
Registering precompiled user dll's ...
Registered in 0.005214 seconds.
Begin MonoManager ReloadAssembly
Native extension for WindowsStandalone target not found
Native extension for WebGL target not found
Refreshing native plugins compatible for Editor in 1.38 ms, found 3 plugins.
Preloading 0 native plugins for Editor in 0.00 ms.
Warning: Annotation not found!
UnityEngine.StackTraceUtility:ExtractStackTrace ()
UnityEditor.ProBuilder.EditorUtility:SetGizmoIconEnabled (System.Type,bool) (at Library/PackageCache/com.unity.probuilder@5.0.3/Editor/EditorCore/EditorUtility.cs:575)
UnityEditor.ProBuilder.HierarchyListener:.cctor () (at Library/PackageCache/com.unity.probuilder@5.0.3/Editor/EditorCore/HierarchyListener.cs:21)
System.Runtime.CompilerServices.RuntimeHelpers:RunClassConstructor (System.RuntimeTypeHandle)
UnityEditor.EditorAssemblies:ProcessInitializeOnLoadAttributes (System.Type[])

[Library/PackageCache/com.unity.probuilder@5.0.3/Editor/EditorCore/EditorUtility.cs line 575]

Mono: successfully reloaded assembly
- Completed reload, in  1.419 seconds
Domain Reload Profiling:
	ReloadAssembly (1420ms)
		BeginReloadAssembly (192ms)
			ExecutionOrderSort (0ms)
			DisableScriptedObjects (10ms)
			BackupInstance (0ms)
			ReleaseScriptingObjects (0ms)
			CreateAndSetChildDomain (56ms)
		EndReloadAssembly (1103ms)
			LoadAssemblies (112ms)
			RebuildTransferFunctionScriptingTraits (0ms)
			SetupTypeCache (273ms)
			ReleaseScriptCaches (2ms)
			RebuildScriptCaches (64ms)
			SetupLoadedEditorAssemblies (608ms)
				LogAssemblyErrors (0ms)
				InitializePlatformSupportModulesInManaged (13ms)
				SetLoadedEditorAssemblies (1ms)
				RefreshPlugins (1ms)
				BeforeProcessingInitializeOnLoad (82ms)
				ProcessInitializeOnLoadAttributes (419ms)
				ProcessInitializeOnLoadMethodAttributes (85ms)
				AfterProcessingInitializeOnLoad (6ms)
				EditorAssembliesLoaded (0ms)
			ExecutionOrderSort2 (0ms)
			AwakeInstancesAfterBackupRestoration (10ms)
Platform modules already initialized, skipping
Refreshing native plugins compatible for Editor in 2.83 ms, found 3 plugins.
Preloading 0 native plugins for Editor in 0.00 ms.
Unloading 4672 Unused Serialized files (Serialized files now loaded: 0)
Unloading 39 unused Assets / (2.0 MB). Loaded Objects now: 5329.
Memory consumption went from 204.8 MB to 202.8 MB.
Total: 6.372100 ms (FindLiveObjects: 0.460200 ms CreateObjectMapping: 0.322700 ms MarkObjects: 4.810400 ms  DeleteObjects: 0.777600 ms)

AssetImportParameters requested are different than current active one (requested -> active):
  custom:video-decoder-ogg-theora: a1e56fd34408186e4bbccfd4996cb3dc -> 
  custom:container-muxer-webm: aa71ff27fc2769a1b78a27578f13a17b -> 
  custom:container-demuxer-webm: 4f35f7cbe854078d1ac9338744f61a02 -> 
  custom:video-encoder-webm-vp8: eb34c28f22e8b96e1ab97ce403110664 -> 
  custom:audio-encoder-webm-vorbis: bf7c407c2cedff20999df2af8eb42d56 -> 
  custom:framework-win-MediaFoundation: 216162199b28c13a410421893ffa2e32 -> 
  custom:container-demuxer-ogg: 62fdf1f143b41e24485cea50d1cbac27 -> 
  custom:video-decoder-webm-vp8: 9c59270c3fd7afecdb556c50c9e8de78 -> 
  custom:audio-decoder-ogg-vorbis: bf7c407c2cedff20999df2af8eb42d56 -> 
========================================================================
Received Prepare
Registering precompiled user dll's ...
Registered in 0.008072 seconds.
Begin MonoManager ReloadAssembly
Native extension for WindowsStandalone target not found
Native extension for WebGL target not found
Refreshing native plugins compatible for Editor in 1.66 ms, found 3 plugins.
Preloading 0 native plugins for Editor in 0.00 ms.
Warning: Annotation not found!
UnityEngine.StackTraceUtility:ExtractStackTrace ()
UnityEditor.ProBuilder.EditorUtility:SetGizmoIconEnabled (System.Type,bool) (at Library/PackageCache/com.unity.probuilder@5.0.3/Editor/EditorCore/EditorUtility.cs:575)
UnityEditor.ProBuilder.HierarchyListener:.cctor () (at Library/PackageCache/com.unity.probuilder@5.0.3/Editor/EditorCore/HierarchyListener.cs:21)
System.Runtime.CompilerServices.RuntimeHelpers:RunClassConstructor (System.RuntimeTypeHandle)
UnityEditor.EditorAssemblies:ProcessInitializeOnLoadAttributes (System.Type[])

[Library/PackageCache/com.unity.probuilder@5.0.3/Editor/EditorCore/EditorUtility.cs line 575]

Mono: successfully reloaded assembly
- Completed reload, in  1.447 seconds
Domain Reload Profiling:
	ReloadAssembly (1448ms)
		BeginReloadAssembly (139ms)
			ExecutionOrderSort (0ms)
			DisableScriptedObjects (9ms)
			BackupInstance (0ms)
			ReleaseScriptingObjects (0ms)
			CreateAndSetChildDomain (38ms)
		EndReloadAssembly (1203ms)
			LoadAssemblies (86ms)
			RebuildTransferFunctionScriptingTraits (0ms)
			SetupTypeCache (299ms)
			ReleaseScriptCaches (2ms)
			RebuildScriptCaches (69ms)
			SetupLoadedEditorAssemblies (661ms)
				LogAssemblyErrors (0ms)
				InitializePlatformSupportModulesInManaged (15ms)
				SetLoadedEditorAssemblies (1ms)
				RefreshPlugins (2ms)
				BeforeProcessingInitializeOnLoad (101ms)
				ProcessInitializeOnLoadAttributes (412ms)
				ProcessInitializeOnLoadMethodAttributes (123ms)
				AfterProcessingInitializeOnLoad (6ms)
				EditorAssembliesLoaded (0ms)
			ExecutionOrderSort2 (0ms)
			AwakeInstancesAfterBackupRestoration (14ms)
Platform modules already initialized, skipping
Refreshing native plugins compatible for Editor in 3.01 ms, found 3 plugins.
Preloading 0 native plugins for Editor in 0.00 ms.
Unloading 4672 Unused Serialized files (Serialized files now loaded: 0)
Unloading 39 unused Assets / (2.0 MB). Loaded Objects now: 5332.
Memory consumption went from 204.8 MB to 202.8 MB.
Total: 7.913700 ms (FindLiveObjects: 0.518100 ms CreateObjectMapping: 0.558900 ms MarkObjects: 5.983000 ms  DeleteObjects: 0.852100 ms)

AssetImportParameters requested are different than current active one (requested -> active):
  custom:video-decoder-ogg-theora: a1e56fd34408186e4bbccfd4996cb3dc -> 
  custom:container-muxer-webm: aa71ff27fc2769a1b78a27578f13a17b -> 
  custom:container-demuxer-webm: 4f35f7cbe854078d1ac9338744f61a02 -> 
  custom:video-encoder-webm-vp8: eb34c28f22e8b96e1ab97ce403110664 -> 
  custom:audio-encoder-webm-vorbis: bf7c407c2cedff20999df2af8eb42d56 -> 
  custom:framework-win-MediaFoundation: 216162199b28c13a410421893ffa2e32 -> 
  custom:container-demuxer-ogg: 62fdf1f143b41e24485cea50d1cbac27 -> 
  custom:video-decoder-webm-vp8: 9c59270c3fd7afecdb556c50c9e8de78 -> 
  custom:audio-decoder-ogg-vorbis: bf7c407c2cedff20999df2af8eb42d56 -> 
========================================================================
Received Prepare
Registering precompiled user dll's ...
Registered in 0.004695 seconds.
Begin MonoManager ReloadAssembly
Native extension for WindowsStandalone target not found
Native extension for WebGL target not found
Refreshing native plugins compatible for Editor in 1.00 ms, found 3 plugins.
Preloading 0 native plugins for Editor in 0.00 ms.
Warning: Annotation not found!
UnityEngine.StackTraceUtility:ExtractStackTrace ()
UnityEditor.ProBuilder.EditorUtility:SetGizmoIconEnabled (System.Type,bool) (at Library/PackageCache/com.unity.probuilder@5.0.3/Editor/EditorCore/EditorUtility.cs:575)
UnityEditor.ProBuilder.HierarchyListener:.cctor () (at Library/PackageCache/com.unity.probuilder@5.0.3/Editor/EditorCore/HierarchyListener.cs:21)
System.Runtime.CompilerServices.RuntimeHelpers:RunClassConstructor (System.RuntimeTypeHandle)
UnityEditor.EditorAssemblies:ProcessInitializeOnLoadAttributes (System.Type[])

[Library/PackageCache/com.unity.probuilder@5.0.3/Editor/EditorCore/EditorUtility.cs line 575]

Mono: successfully reloaded assembly
- Completed reload, in  1.413 seconds
Domain Reload Profiling:
	ReloadAssembly (1413ms)
		BeginReloadAssembly (143ms)
			ExecutionOrderSort (0ms)
			DisableScriptedObjects (7ms)
			BackupInstance (0ms)
			ReleaseScriptingObjects (0ms)
			CreateAndSetChildDomain (41ms)
		EndReloadAssembly (1171ms)
			LoadAssemblies (94ms)
			RebuildTransferFunctionScriptingTraits (0ms)
			SetupTypeCache (292ms)
			ReleaseScriptCaches (2ms)
			RebuildScriptCaches (71ms)
			SetupLoadedEditorAssemblies (632ms)
				LogAssemblyErrors (0ms)
				InitializePlatformSupportModulesInManaged (15ms)
				SetLoadedEditorAssemblies (1ms)
				RefreshPlugins (1ms)
				BeforeProcessingInitializeOnLoad (99ms)
				ProcessInitializeOnLoadAttributes (398ms)
				ProcessInitializeOnLoadMethodAttributes (110ms)
				AfterProcessingInitializeOnLoad (7ms)
				EditorAssembliesLoaded (0ms)
			ExecutionOrderSort2 (0ms)
			AwakeInstancesAfterBackupRestoration (13ms)
Platform modules already initialized, skipping
Refreshing native plugins compatible for Editor in 3.51 ms, found 3 plugins.
Preloading 0 native plugins for Editor in 0.00 ms.
Unloading 4672 Unused Serialized files (Serialized files now loaded: 0)
Unloading 39 unused Assets / (2.0 MB). Loaded Objects now: 5335.
Memory consumption went from 204.8 MB to 202.9 MB.
Total: 9.546500 ms (FindLiveObjects: 0.583800 ms CreateObjectMapping: 1.169400 ms MarkObjects: 6.868700 ms  DeleteObjects: 0.923300 ms)

AssetImportParameters requested are different than current active one (requested -> active):
  custom:video-decoder-ogg-theora: a1e56fd34408186e4bbccfd4996cb3dc -> 
  custom:container-muxer-webm: aa71ff27fc2769a1b78a27578f13a17b -> 
  custom:container-demuxer-webm: 4f35f7cbe854078d1ac9338744f61a02 -> 
  custom:video-encoder-webm-vp8: eb34c28f22e8b96e1ab97ce403110664 -> 
  custom:audio-encoder-webm-vorbis: bf7c407c2cedff20999df2af8eb42d56 -> 
  custom:framework-win-MediaFoundation: 216162199b28c13a410421893ffa2e32 -> 
  custom:container-demuxer-ogg: 62fdf1f143b41e24485cea50d1cbac27 -> 
  custom:video-decoder-webm-vp8: 9c59270c3fd7afecdb556c50c9e8de78 -> 
  custom:audio-decoder-ogg-vorbis: bf7c407c2cedff20999df2af8eb42d56 -> 
========================================================================
Received Import Request.
  Time since last request: 2872.355246 seconds.
  path: Assets/DialogueData/Empty.asset
  artifactKey: Guid(f78bcbc91e5086241b04f9c7e5f7bf98) Importer(815301076,1909f56bfc062723c751e8b465ee728b)
Start importing Assets/DialogueData/Empty.asset using Guid(f78bcbc91e5086241b04f9c7e5f7bf98) Importer(815301076,1909f56bfc062723c751e8b465ee728b)  -> (artifact id: '15f9a9e0d0f35122afbd655ad1fabcf9') in 0.042552 seconds 
========================================================================
Received Import Request.
  Time since last request: 0.000027 seconds.
  path: Assets/DialogueData/Test.asset
  artifactKey: Guid(31ca213f697ebb94aa26d521f0098b41) Importer(815301076,1909f56bfc062723c751e8b465ee728b)
Start importing Assets/DialogueData/Test.asset using Guid(31ca213f697ebb94aa26d521f0098b41) Importer(815301076,1909f56bfc062723c751e8b465ee728b)  -> (artifact id: '51e90299f37d17c46efb4d6b9ac27829') in 0.025729 seconds 
========================================================================
Received Import Request.
  Time since last request: 18.250183 seconds.
  path: Assets/DialogueData/Kid
  artifactKey: Guid(3342c77741393454a9e3a8e978bacabe) Importer(815301076,1909f56bfc062723c751e8b465ee728b)
Start importing Assets/DialogueData/Kid using Guid(3342c77741393454a9e3a8e978bacabe) Importer(815301076,1909f56bfc062723c751e8b465ee728b)  -> (artifact id: 'fbdc480ccc44d85aa558f4ca95fdd59a') in 0.010026 seconds 
========================================================================
Received Import Request.
  Time since last request: 0.231201 seconds.
  path: Assets/DialogueData/Kid/_01whoareyou.asset
  artifactKey: Guid(46d8f810d59d0a940a2566c23027d186) Importer(815301076,1909f56bfc062723c751e8b465ee728b)
Start importing Assets/DialogueData/Kid/_01whoareyou.asset using Guid(46d8f810d59d0a940a2566c23027d186) Importer(815301076,1909f56bfc062723c751e8b465ee728b)  -> (artifact id: '05f4ff3ed46d3afcf297c3b35720c00c') in 0.017262 seconds 
========================================================================
Received Import Request.
  Time since last request: 0.000020 seconds.
  path: Assets/DialogueData/Kid/hack1_refr2.asset
  artifactKey: Guid(82d9e0c6dd6882545b2d583009509c7f) Importer(815301076,1909f56bfc062723c751e8b465ee728b)
Start importing Assets/DialogueData/Kid/hack1_refr2.asset using Guid(82d9e0c6dd6882545b2d583009509c7f) Importer(815301076,1909f56bfc062723c751e8b465ee728b)  -> (artifact id: 'e9fc4160c84fdc9d49ed713d04585f3c') in 0.036932 seconds 
========================================================================
Received Import Request.
  Time since last request: 0.000026 seconds.
  path: Assets/DialogueData/Kid/hack0.asset
  artifactKey: Guid(1bb328b7ebc1a8b479819230488dc22c) Importer(815301076,1909f56bfc062723c751e8b465ee728b)
Start importing Assets/DialogueData/Kid/hack0.asset using Guid(1bb328b7ebc1a8b479819230488dc22c) Importer(815301076,1909f56bfc062723c751e8b465ee728b)  -> (artifact id: 'eb3e86c912026446e5100971e1d97844') in 0.014668 seconds 
========================================================================
Received Import Request.
  Time since last request: 0.000042 seconds.
  path: Assets/DialogueData/Kid/hack1_refr0.asset
  artifactKey: Guid(1bb86e41ad349d148bc6b7c008c36ffe) Importer(815301076,1909f56bfc062723c751e8b465ee728b)
Start importing Assets/DialogueData/Kid/hack1_refr0.asset using Guid(1bb86e41ad349d148bc6b7c008c36ffe) Importer(815301076,1909f56bfc062723c751e8b465ee728b)  -> (artifact id: 'f0595e0926d078b82e1119e8fad3aa3c') in 0.016651 seconds 
========================================================================
Received Import Request.
  Time since last request: 42.817704 seconds.
  path: Assets/DialogueData/CageRooom
  artifactKey: Guid(056b904aaeb1f9741a15b12e8fdb26bc) Importer(815301076,1909f56bfc062723c751e8b465ee728b)
Start importing Assets/DialogueData/CageRooom using Guid(056b904aaeb1f9741a15b12e8fdb26bc) Importer(815301076,1909f56bfc062723c751e8b465ee728b)  -> (artifact id: '561b351307fbe8408c76b6f2a43c07ff') in 0.009985 seconds 
========================================================================
Received Import Request.
  Time since last request: 0.030290 seconds.
  path: Assets/DialogueData/CageRooom/0_mattress-off.asset
  artifactKey: Guid(ba60396d90b7ad3428838988e4512c09) Importer(815301076,1909f56bfc062723c751e8b465ee728b)
Start importing Assets/DialogueData/CageRooom/0_mattress-off.asset using Guid(ba60396d90b7ad3428838988e4512c09) Importer(815301076,1909f56bfc062723c751e8b465ee728b)  -> (artifact id: '0c6745859ff6a9e285bd163ec8f410ee') in 0.014899 seconds 
========================================================================
Received Import Request.
  Time since last request: 0.000028 seconds.
  path: Assets/DialogueData/CageRooom/0_pc_off.asset
  artifactKey: Guid(3840092eb2ee6cb438b7efa663379da0) Importer(815301076,1909f56bfc062723c751e8b465ee728b)
Start importing Assets/DialogueData/CageRooom/0_pc_off.asset using Guid(3840092eb2ee6cb438b7efa663379da0) Importer(815301076,1909f56bfc062723c751e8b465ee728b)  -> (artifact id: '3183b09c3f77c0e114c94036f095752d') in 0.019289 seconds 
========================================================================
Received Import Request.
  Time since last request: 0.000032 seconds.
  path: Assets/DialogueData/CageRooom/room1pc.asset
  artifactKey: Guid(8ec6e944e6d8e1642906c6d77efa9d54) Importer(815301076,1909f56bfc062723c751e8b465ee728b)
Start importing Assets/DialogueData/CageRooom/room1pc.asset using Guid(8ec6e944e6d8e1642906c6d77efa9d54) Importer(815301076,1909f56bfc062723c751e8b465ee728b)  -> (artifact id: 'e3601ebc4984b96df94fffa462869120') in 0.018385 seconds 
========================================================================
Received Import Request.
  Time since last request: 0.000026 seconds.
  path: Assets/DialogueData/CageRooom/1_time.asset
  artifactKey: Guid(e8733c5588b1aad42bc2cc52141754be) Importer(815301076,1909f56bfc062723c751e8b465ee728b)
Start importing Assets/DialogueData/CageRooom/1_time.asset using Guid(e8733c5588b1aad42bc2cc52141754be) Importer(815301076,1909f56bfc062723c751e8b465ee728b)  -> (artifact id: '0b77ba60e7db4742377f65211807a232') in 0.012566 seconds 
========================================================================
Received Import Request.
  Time since last request: 17.001278 seconds.
  path: Assets/DialogueData/purplepath
  artifactKey: Guid(15e4914044250b24dbd5c74d38c040c6) Importer(815301076,1909f56bfc062723c751e8b465ee728b)
Start importing Assets/DialogueData/purplepath using Guid(15e4914044250b24dbd5c74d38c040c6) Importer(815301076,1909f56bfc062723c751e8b465ee728b)  -> (artifact id: '54ee57fb46d4057d5d3ea1b564b12304') in 0.008251 seconds 
========================================================================
Received Import Request.
  Time since last request: 0.039924 seconds.
  path: Assets/DialogueData/purplepath/bunny1.asset
  artifactKey: Guid(851502be220480144a1eeb46c27e336a) Importer(815301076,1909f56bfc062723c751e8b465ee728b)
Start importing Assets/DialogueData/purplepath/bunny1.asset using Guid(851502be220480144a1eeb46c27e336a) Importer(815301076,1909f56bfc062723c751e8b465ee728b)  -> (artifact id: '14b2db40dfb3640b76bfcb41a128148b') in 0.013535 seconds 
========================================================================
Received Import Request.
  Time since last request: 3.942212 seconds.
  path: Assets/DialogueData/pianoroom
  artifactKey: Guid(5a9c8a410b1b5af43b164bf66a9a7e53) Importer(815301076,1909f56bfc062723c751e8b465ee728b)
Start importing Assets/DialogueData/pianoroom using Guid(5a9c8a410b1b5af43b164bf66a9a7e53) Importer(815301076,1909f56bfc062723c751e8b465ee728b)  -> (artifact id: 'ce6af709f5a6e8314171b7c40af38656') in 0.008750 seconds 
========================================================================
Received Import Request.
  Time since last request: 0.046863 seconds.
  path: Assets/DialogueData/pianoroom/instruction1.asset
  artifactKey: Guid(0b2480a9a0b7cab44a778b38900443be) Importer(815301076,1909f56bfc062723c751e8b465ee728b)
Start importing Assets/DialogueData/pianoroom/instruction1.asset using Guid(0b2480a9a0b7cab44a778b38900443be) Importer(815301076,1909f56bfc062723c751e8b465ee728b)  -> (artifact id: '6e92934d54463a6a1fd5dc8791716980') in 0.013075 seconds 
========================================================================
Received Import Request.
  Time since last request: 0.000020 seconds.
  path: Assets/DialogueData/pianoroom/piano.asset
  artifactKey: Guid(98cf025406ca7ac48bfd99ad691d0b33) Importer(815301076,1909f56bfc062723c751e8b465ee728b)
Start importing Assets/DialogueData/pianoroom/piano.asset using Guid(98cf025406ca7ac48bfd99ad691d0b33) Importer(815301076,1909f56bfc062723c751e8b465ee728b)  -> (artifact id: '7109644273816ab187bf0072aa58da73') in 0.016726 seconds 
========================================================================
Received Import Request.
  Time since last request: 9.998019 seconds.
  path: Assets/DialogueData/puzzleTutorial
  artifactKey: Guid(ec7bbfd849004ad44bfa784a7a41318d) Importer(815301076,1909f56bfc062723c751e8b465ee728b)
Start importing Assets/DialogueData/puzzleTutorial using Guid(ec7bbfd849004ad44bfa784a7a41318d) Importer(815301076,1909f56bfc062723c751e8b465ee728b)  -> (artifact id: 'a23355fef7e2f5ebae269080edb6e287') in 0.009640 seconds 
========================================================================
Received Import Request.
  Time since last request: 2.240129 seconds.
  path: Assets/DialogueData/3ddesktop
  artifactKey: Guid(8df14254cffe24b40be3a4a07e63af68) Importer(815301076,1909f56bfc062723c751e8b465ee728b)
Start importing Assets/DialogueData/3ddesktop using Guid(8df14254cffe24b40be3a4a07e63af68) Importer(815301076,1909f56bfc062723c751e8b465ee728b)  -> (artifact id: '4d30f6f4a34f2bf2c0fb492c3dd91ff2') in 0.008686 seconds 
========================================================================
Received Import Request.
  Time since last request: 29.422882 seconds.
  path: Assets/DialogueData/therapyroom
  artifactKey: Guid(9dd5a74f0b40a8045989194fe9bc065a) Importer(815301076,1909f56bfc062723c751e8b465ee728b)
Start importing Assets/DialogueData/therapyroom using Guid(9dd5a74f0b40a8045989194fe9bc065a) Importer(815301076,1909f56bfc062723c751e8b465ee728b)  -> (artifact id: 'b5dd1e1e05a64ce95176c387e28bbdb4') in 0.008504 seconds 
========================================================================
Received Import Request.
  Time since last request: 0.041173 seconds.
  path: Assets/DialogueData/therapyroom/liar0.asset
  artifactKey: Guid(9b0d909b7d1ea4547815fa489e03dd94) Importer(815301076,1909f56bfc062723c751e8b465ee728b)
Start importing Assets/DialogueData/therapyroom/liar0.asset using Guid(9b0d909b7d1ea4547815fa489e03dd94) Importer(815301076,1909f56bfc062723c751e8b465ee728b)  -> (artifact id: '9b16034952f77dae2cdb037278bd0915') in 0.014328 seconds 
========================================================================
Received Import Request.
  Time since last request: 0.000030 seconds.
  path: Assets/DialogueData/therapyroom/procedure2.asset
  artifactKey: Guid(52d371fdb48fd8243aab7dfc74a0208c) Importer(815301076,1909f56bfc062723c751e8b465ee728b)
Start importing Assets/DialogueData/therapyroom/procedure2.asset using Guid(52d371fdb48fd8243aab7dfc74a0208c) Importer(815301076,1909f56bfc062723c751e8b465ee728b)  -> (artifact id: '7e7a3c0dd5617773e4a6742eae5c3db5') in 0.016485 seconds 
========================================================================
Received Import Request.
  Time since last request: 0.000022 seconds.
  path: Assets/DialogueData/therapyroom/sofa0_no.asset
  artifactKey: Guid(d08e545196c9dab488245468541d27d3) Importer(815301076,1909f56bfc062723c751e8b465ee728b)
Start importing Assets/DialogueData/therapyroom/sofa0_no.asset using Guid(d08e545196c9dab488245468541d27d3) Importer(815301076,1909f56bfc062723c751e8b465ee728b)  -> (artifact id: 'c89dfab977acf66e8f59dc0829aa0b4b') in 0.014523 seconds 
========================================================================
Received Import Request.
  Time since last request: 0.000021 seconds.
  path: Assets/DialogueData/therapyroom/sofa0_yes.asset
  artifactKey: Guid(c99bec985e554934990787e5c2a71151) Importer(815301076,1909f56bfc062723c751e8b465ee728b)
Start importing Assets/DialogueData/therapyroom/sofa0_yes.asset using Guid(c99bec985e554934990787e5c2a71151) Importer(815301076,1909f56bfc062723c751e8b465ee728b)  -> (artifact id: '50fda12beffedc16b8e67436bb1df5a1') in 0.015405 seconds 
========================================================================
Received Import Request.
  Time since last request: 0.000024 seconds.
  path: Assets/DialogueData/therapyroom/procedure2_yes.asset
  artifactKey: Guid(36bb959df2611a344b5255746e32abb8) Importer(815301076,1909f56bfc062723c751e8b465ee728b)
Start importing Assets/DialogueData/therapyroom/procedure2_yes.asset using Guid(36bb959df2611a344b5255746e32abb8) Importer(815301076,1909f56bfc062723c751e8b465ee728b)  -> (artifact id: 'a9dc37c2a02edea91b0c64645b0a19a2') in 0.014523 seconds 
========================================================================
Received Import Request.
  Time since last request: 13.800424 seconds.
  path: Assets/DialogueData/mirror room
  artifactKey: Guid(55cd1b181dc7c4542b5e3370973cb28e) Importer(815301076,1909f56bfc062723c751e8b465ee728b)
Start importing Assets/DialogueData/mirror room using Guid(55cd1b181dc7c4542b5e3370973cb28e) Importer(815301076,1909f56bfc062723c751e8b465ee728b)  -> (artifact id: 'a5dca9ed42b1800a12194eeb42ca7ebd') in 0.010554 seconds 
